#
# A fatal error has been detected by the Java Runtime Environment:
#
#  EXCEPTION_ACCESS_VIOLATION (0xc0000005) at pc=0x00007fffa8e82420, pid=5788, tid=16236
#
# JRE version: Java(TM) SE Runtime Environment (11.0.1+13) (build 11.0.1+13-LTS)
# Java VM: Java HotSpot(TM) 64-Bit Server VM (11.0.1+13-LTS, mixed mode, tiered, compressed oops, g1 gc, windows-amd64)
# Problematic frame:
# V  [jvm.dll+0x692420]
#
# No core dump will be written. Minidumps are not enabled by default on client versions of Windows
#
# If you would like to submit a bug report, please visit:
#   http://bugreport.java.com/bugreport/crash.jsp
#

---------------  S U M M A R Y ------------

Command Line: -agentlib:jdwp=transport=dt_socket,address=127.0.0.1:62130,suspend=y,server=n --module-path=lib/javafx-sdk-11.0.2/lib --add-modules=javafx.controls,javafx.fxml -javaagent:C:\Users\weema\AppData\Local\JetBrains\IntelliJIdea2021.1\captureAgent\debugger-agent.jar -Dfile.encoding=UTF-8 Main.Main

Host: Intel(R) Core(TM) i7-7700K CPU @ 4.20GHz, 8 cores, 23G,  Windows 10 , 64 bit Build 19041 (10.0.19041.928)
Time: Sat May 29 10:21:00 2021 Central Daylight Time elapsed time: 10 seconds (0d 0h 0m 10s)

---------------  T H R E A D  ---------------

Current thread (0x00000198eb492000):  JavaThread "C2 CompilerThread0" daemon [_thread_in_native, id=16236, stack(0x00000082dd100000,0x00000082dd200000)]


Current CompileTask:
C2:  10377 3468       4       javafx.scene.CssStyleHelper::resolveLookups (463 bytes)

Stack: [0x00000082dd100000,0x00000082dd200000],  sp=0x00000082dd1fb960,  free space=1006k
Native frames: (J=compiled Java code, j=interpreted, Vv=VM code, C=native code)
V  [jvm.dll+0x692420]
V  [jvm.dll+0x1ad6a0]
V  [jvm.dll+0x21c8d2]
V  [jvm.dll+0x21b96a]
V  [jvm.dll+0x198390]
V  [jvm.dll+0x22a97f]
V  [jvm.dll+0x228f98]
V  [jvm.dll+0x73f03d]
V  [jvm.dll+0x63b2b2]
C  [ucrtbase.dll+0x21bb2]
C  [KERNEL32.DLL+0x17034]
C  [ntdll.dll+0x52651]


siginfo: EXCEPTION_ACCESS_VIOLATION (0xc0000005), reading address 0x00000188f55d5064


Register to memory mapping:

RIP=0x00007fffa8e82420 jvm.dll
RAX=0x00000188f55d5010 is an unknown value
RBX=0x00000082dd1fc1e0 is pointing into the stack for thread: 0x00000198eb492000
RCX=0x00000198f55f3ff0 points into unknown readable memory
RDX=0x0000000000000001 is an unknown value
RSP=0x00000082dd1fb960 is pointing into the stack for thread: 0x00000198eb492000
RBP=0x00000082dd1fba60 is pointing into the stack for thread: 0x00000198eb492000
RSI=0x00000198f55eed00 points into unknown readable memory
RDI=0x0000000000000279 is an unknown value
R8 =0x0000000000000240 is an unknown value
R9 =0x00000198f5ec7970 points into unknown readable memory
R10=0x0 is NULL
R11=0x00000082dd1fb920 is pointing into the stack for thread: 0x00000198eb492000
R12=0x00007fffa91f23b0 jvm.dll
R13=0x00000198f55f3ff0 points into unknown readable memory
R14=0x00000188f55d5010 is an unknown value
R15=0x0000000000000001 is an unknown value


Registers:
RAX=0x00000188f55d5010, RBX=0x00000082dd1fc1e0, RCX=0x00000198f55f3ff0, RDX=0x0000000000000001
RSP=0x00000082dd1fb960, RBP=0x00000082dd1fba60, RSI=0x00000198f55eed00, RDI=0x0000000000000279
R8 =0x0000000000000240, R9 =0x00000198f5ec7970, R10=0x0000000000000000, R11=0x00000082dd1fb920
R12=0x00007fffa91f23b0, R13=0x00000198f55f3ff0, R14=0x00000188f55d5010, R15=0x0000000000000001
RIP=0x00007fffa8e82420, EFLAGS=0x0000000000010206

Top of Stack: (sp=0x00000082dd1fb960)
0x00000082dd1fb960:   00000082dd1fe8d8 00000082dd1fba60
0x00000082dd1fb970:   00000082dd1fe8d8 00000198f5ec7970
0x00000082dd1fb980:   0000019800002dff 0000019800000002
0x00000082dd1fb990:   000001980000299c 00000082dd1fbb01
0x00000082dd1fb9a0:   0000000000000001 00000082dd1fbc70
0x00000082dd1fb9b0:   0000008200000003 00007fffe306fde6
0x00000082dd1fb9c0:   000000020000002b 00000198ebf31bb0
0x00000082dd1fb9d0:   000000070000235d 0000000000000000
0x00000082dd1fb9e0:   0000008200000002 00000198ebda9aa0
0x00000082dd1fb9f0:   00000198f823e430 00000198fbe5d4b0
0x00000082dd1fba00:   0000019800000126 00000198f8243210
0x00000082dd1fba10:   00000198f55f3ff0 00000198f8240b20
0x00000082dd1fba20:   0000299900000000 00000082dd1fbf10
0x00000082dd1fba30:   0000019800000012 00000198f5af48d0
0x00000082dd1fba40:   0000000000001707 0000000100000001
0x00000082dd1fba50:   00000198ebda9ae0 00000198f5a9b900 

Instructions: (pc=0x00007fffa8e82420)
0x00007fffa8e82400:   11 74 49 a2 00 49 8b cd 4c 8b a4 c2 10 56 a7 00
0x00007fffa8e82410:   41 8b d6 49 8b 45 00 ff 90 80 00 00 00 4c 8b f0
0x00007fffa8e82420:   8b 50 54 8b 48 50 41 23 54 24 54 41 23 4c 24 50
0x00007fffa8e82430:   0b d1 8b 48 4c 41 23 4c 24 4c 0b d1 8b 48 48 8b 



---------------  P R O C E S S  ---------------

Threads class SMR info:
_java_thread_list=0x00000198f50f1da0, length=23, elements={
0x00000198c1d6b000, 0x00000198eb426000, 0x00000198eb431000, 0x00000198eb48d800,
0x00000198eb48e800, 0x00000198eb492000, 0x00000198eb446000, 0x00000198eb448800,
0x00000198eaade000, 0x00000198ec275000, 0x00000198ebee8000, 0x00000198ebee9800,
0x00000198eba89800, 0x00000198ed8e7800, 0x00000198ec174800, 0x00000198ed5ce800,
0x00000198ede14000, 0x00000198ede76800, 0x00000198f5121000, 0x00000198f5efe800,
0x00000198ec6a7800, 0x00000198f81af000, 0x00000198ebd9b000
}

Java Threads: ( => current thread )
  0x00000198c1d6b000 JavaThread "main" [_thread_blocked, id=3176, stack(0x00000082dc600000,0x00000082dc700000)]
  0x00000198eb426000 JavaThread "Reference Handler" daemon [_thread_blocked, id=7068, stack(0x00000082dcd00000,0x00000082dce00000)]
  0x00000198eb431000 JavaThread "Finalizer" daemon [_thread_blocked, id=32152, stack(0x00000082dce00000,0x00000082dcf00000)]
  0x00000198eb48d800 JavaThread "Signal Dispatcher" daemon [_thread_blocked, id=32344, stack(0x00000082dcf00000,0x00000082dd000000)]
  0x00000198eb48e800 JavaThread "Attach Listener" daemon [_thread_blocked, id=32232, stack(0x00000082dd000000,0x00000082dd100000)]
=>0x00000198eb492000 JavaThread "C2 CompilerThread0" daemon [_thread_in_native, id=16236, stack(0x00000082dd100000,0x00000082dd200000)]
  0x00000198eb446000 JavaThread "C1 CompilerThread0" daemon [_thread_blocked, id=25152, stack(0x00000082dd200000,0x00000082dd300000)]
  0x00000198eb448800 JavaThread "Sweeper thread" daemon [_thread_blocked, id=23404, stack(0x00000082dd300000,0x00000082dd400000)]
  0x00000198eaade000 JavaThread "Common-Cleaner" daemon [_thread_blocked, id=15204, stack(0x00000082dd400000,0x00000082dd500000)]
  0x00000198ec275000 JavaThread "JDWP Transport Listener: dt_socket" daemon [_thread_blocked, id=21364, stack(0x00000082dd700000,0x00000082dd800000)]
  0x00000198ebee8000 JavaThread "JDWP Event Helper Thread" daemon [_thread_blocked, id=9320, stack(0x00000082dd800000,0x00000082dd900000)]
  0x00000198ebee9800 JavaThread "JDWP Command Reader" daemon [_thread_in_native, id=13604, stack(0x00000082dd900000,0x00000082dda00000)]
  0x00000198eba89800 JavaThread "Service Thread" daemon [_thread_blocked, id=23560, stack(0x00000082dda00000,0x00000082ddb00000)]
  0x00000198ed8e7800 JavaThread "QuantumRenderer-0" daemon [_thread_in_vm, id=31828, stack(0x00000082ddc00000,0x00000082ddd00000)]
  0x00000198ec174800 JavaThread "InvokeLaterDispatcher" daemon [_thread_blocked, id=772, stack(0x00000082dde00000,0x00000082ddf00000)]
  0x00000198ed5ce800 JavaThread "JavaFX Application Thread" [_thread_blocked, id=1652, stack(0x00000082ddf00000,0x00000082de000000)]
  0x00000198ede14000 JavaThread "mysql-cj-abandoned-connection-cleanup" daemon [_thread_blocked, id=10484, stack(0x00000082dd600000,0x00000082dd700000)]
  0x00000198ede76800 JavaThread "Thread-1" daemon [_thread_in_native, id=31936, stack(0x00000082dd500000,0x00000082dd600000)]
  0x00000198f5121000 JavaThread "JavaFX-Launcher" [_thread_blocked, id=25108, stack(0x00000082de850000,0x00000082de950000)]
  0x00000198f5efe800 JavaThread "Prism Font Disposer" daemon [_thread_blocked, id=32080, stack(0x00000082dee50000,0x00000082def50000)]
  0x00000198ec6a7800 JavaThread "Cleaner-0" daemon [_thread_blocked, id=8020, stack(0x00000082def50000,0x00000082df050000)]
  0x00000198f81af000 JavaThread "C2 CompilerThread1" daemon [_thread_blocked, id=29448, stack(0x00000082df060000,0x00000082df160000)]
  0x00000198ebd9b000 JavaThread "C2 CompilerThread2" daemon [_thread_blocked, id=15256, stack(0x00000082df160000,0x00000082df260000)]

Other Threads:
  0x00000198eb3ff000 VMThread "VM Thread" [stack: 0x00000082dcc00000,0x00000082dcd00000] [id=23232]
  0x00000198ebf0f000 WatcherThread [stack: 0x00000082ddb00000,0x00000082ddc00000] [id=31568]
  0x00000198c1d85000 GCTaskThread "GC Thread#0" [stack: 0x00000082dc700000,0x00000082dc800000] [id=17148]
  0x00000198ede15000 GCTaskThread "GC Thread#1" [stack: 0x00000082de150000,0x00000082de250000] [id=7452]
  0x00000198ede16000 GCTaskThread "GC Thread#2" [stack: 0x00000082de250000,0x00000082de350000] [id=26104]
  0x00000198ede16800 GCTaskThread "GC Thread#3" [stack: 0x00000082de350000,0x00000082de450000] [id=7716]
  0x00000198ede17800 GCTaskThread "GC Thread#4" [stack: 0x00000082de450000,0x00000082de550000] [id=25608]
  0x00000198edee8800 GCTaskThread "GC Thread#5" [stack: 0x00000082de550000,0x00000082de650000] [id=18732]
  0x00000198eddce000 GCTaskThread "GC Thread#6" [stack: 0x00000082de650000,0x00000082de750000] [id=6092]
  0x00000198eddcf000 GCTaskThread "GC Thread#7" [stack: 0x00000082de750000,0x00000082de850000] [id=31000]
  0x00000198c1e0c000 ConcurrentGCThread "G1 Main Marker" [stack: 0x00000082dc800000,0x00000082dc900000] [id=12352]
  0x00000198c1e0d000 ConcurrentGCThread "G1 Conc#0" [stack: 0x00000082dc900000,0x00000082dca00000] [id=32280]
  0x00000198f4fe7000 ConcurrentGCThread "G1 Conc#1" [stack: 0x00000082de950000,0x00000082dea50000] [id=15144]
  0x00000198eaa51800 ConcurrentGCThread "G1 Refine#0" [stack: 0x00000082dca00000,0x00000082dcb00000] [id=13744]
  0x00000198eaa52000 ConcurrentGCThread "G1 Young RemSet Sampling" [stack: 0x00000082dcb00000,0x00000082dcc00000] [id=31892]

Threads with active compile tasks:
C2 CompilerThread03468       4       javafx.scene.CssStyleHelper::resolveLookups (463 bytes)
C1 CompilerThread04277       3       com.sun.javafx.geom.transform.GeneralTransform3D::get (29 bytes)

VM state:not at safepoint (normal execution)

VM Mutex/Monitor currently owned by a thread: None

Heap address: 0x0000000680800000, size: 6136 MB, Compressed Oops mode: Zero based, Oop shift amount: 3
Narrow klass base: 0x0000000800000000, Narrow klass shift: 0
Compressed class space size: 1073741824 Address: 0x0000000800000000

Heap:
 garbage-first heap   total 393216K, used 29018K [0x0000000680800000, 0x0000000800000000)
  region size 1024K, 20 young (20480K), 7 survivors (7168K)
 Metaspace       used 35427K, capacity 36639K, committed 36816K, reserved 1081344K
  class space    used 4388K, capacity 4870K, committed 4992K, reserved 1048576K
Heap Regions: E=young(eden), S=young(survivor), O=old, HS=humongous(starts), HC=humongous(continues), CS=collection set, F=free, A=archive, TAMS=top-at-mark-start (previous, next)
|   0|0x0000000680800000, 0x0000000680900000, 0x0000000680900000|100%| O|  |TAMS 0x0000000680900000, 0x0000000680800000| Untracked 
|   1|0x0000000680900000, 0x0000000680a00000, 0x0000000680a00000|100%| O|  |TAMS 0x0000000680a00000, 0x0000000680900000| Untracked 
|   2|0x0000000680a00000, 0x0000000680b00000, 0x0000000680b00000|100%| O|  |TAMS 0x0000000680b00000, 0x0000000680a00000| Untracked 
|   3|0x0000000680b00000, 0x0000000680c00000, 0x0000000680c00000|100%| O|  |TAMS 0x0000000680c00000, 0x0000000680b00000| Untracked 
|   4|0x0000000680c00000, 0x0000000680d00000, 0x0000000680d00000|100%| O|  |TAMS 0x0000000680d00000, 0x0000000680c00000| Untracked 
|   5|0x0000000680d00000, 0x0000000680e00000, 0x0000000680e00000|100%| O|  |TAMS 0x0000000680e00000, 0x0000000680d00000| Untracked 
|   6|0x0000000680e00000, 0x0000000680f00000, 0x0000000680f00000|100%| O|  |TAMS 0x0000000680f00000, 0x0000000680e00000| Untracked 
|   7|0x0000000680f00000, 0x0000000681000000, 0x0000000681000000|100%| O|  |TAMS 0x0000000681000000, 0x0000000680f00000| Untracked 
|   8|0x0000000681000000, 0x000000068100d800, 0x0000000681100000|  5%| O|  |TAMS 0x000000068100d800, 0x0000000681000000| Untracked 
|   9|0x0000000681100000, 0x0000000681200000, 0x0000000681200000|100%|HS|  |TAMS 0x0000000681200000, 0x0000000681100000| Complete 
|  10|0x0000000681200000, 0x0000000681300000, 0x0000000681300000|100%|HC|  |TAMS 0x0000000681300000, 0x0000000681200000| Complete 
|  11|0x0000000681300000, 0x0000000681300000, 0x0000000681400000|  0%| F|  |TAMS 0x0000000681300000, 0x0000000681300000| Untracked 
|  12|0x0000000681400000, 0x0000000681400000, 0x0000000681500000|  0%| F|  |TAMS 0x0000000681400000, 0x0000000681400000| Untracked 
|  13|0x0000000681500000, 0x0000000681500000, 0x0000000681600000|  0%| F|  |TAMS 0x0000000681500000, 0x0000000681500000| Untracked 
|  14|0x0000000681600000, 0x0000000681600000, 0x0000000681700000|  0%| F|  |TAMS 0x0000000681600000, 0x0000000681600000| Untracked 
|  15|0x0000000681700000, 0x0000000681700000, 0x0000000681800000|  0%| F|  |TAMS 0x0000000681700000, 0x0000000681700000| Untracked 
|  16|0x0000000681800000, 0x0000000681800000, 0x0000000681900000|  0%| F|  |TAMS 0x0000000681800000, 0x0000000681800000| Untracked 
|  17|0x0000000681900000, 0x0000000681900000, 0x0000000681a00000|  0%| F|  |TAMS 0x0000000681900000, 0x0000000681900000| Untracked 
|  18|0x0000000681a00000, 0x0000000681a00000, 0x0000000681b00000|  0%| F|  |TAMS 0x0000000681a00000, 0x0000000681a00000| Untracked 
|  19|0x0000000681b00000, 0x0000000681b00000, 0x0000000681c00000|  0%| F|  |TAMS 0x0000000681b00000, 0x0000000681b00000| Untracked 
|  20|0x0000000681c00000, 0x0000000681c00000, 0x0000000681d00000|  0%| F|  |TAMS 0x0000000681c00000, 0x0000000681c00000| Untracked 
|  21|0x0000000681d00000, 0x0000000681d00000, 0x0000000681e00000|  0%| F|  |TAMS 0x0000000681d00000, 0x0000000681d00000| Untracked 
|  22|0x0000000681e00000, 0x0000000681e00000, 0x0000000681f00000|  0%| F|  |TAMS 0x0000000681e00000, 0x0000000681e00000| Untracked 
|  23|0x0000000681f00000, 0x0000000681f00000, 0x0000000682000000|  0%| F|  |TAMS 0x0000000681f00000, 0x0000000681f00000| Untracked 
|  24|0x0000000682000000, 0x0000000682000000, 0x0000000682100000|  0%| F|  |TAMS 0x0000000682000000, 0x0000000682000000| Untracked 
|  25|0x0000000682100000, 0x0000000682100000, 0x0000000682200000|  0%| F|  |TAMS 0x0000000682100000, 0x0000000682100000| Untracked 
|  26|0x0000000682200000, 0x0000000682200000, 0x0000000682300000|  0%| F|  |TAMS 0x0000000682200000, 0x0000000682200000| Untracked 
|  27|0x0000000682300000, 0x0000000682300000, 0x0000000682400000|  0%| F|  |TAMS 0x0000000682300000, 0x0000000682300000| Untracked 
|  28|0x0000000682400000, 0x0000000682400000, 0x0000000682500000|  0%| F|  |TAMS 0x0000000682400000, 0x0000000682400000| Untracked 
|  29|0x0000000682500000, 0x0000000682500000, 0x0000000682600000|  0%| F|  |TAMS 0x0000000682500000, 0x0000000682500000| Untracked 
|  30|0x0000000682600000, 0x0000000682600000, 0x0000000682700000|  0%| F|  |TAMS 0x0000000682600000, 0x0000000682600000| Untracked 
|  31|0x0000000682700000, 0x0000000682700000, 0x0000000682800000|  0%| F|  |TAMS 0x0000000682700000, 0x0000000682700000| Untracked 
|  32|0x0000000682800000, 0x0000000682800000, 0x0000000682900000|  0%| F|  |TAMS 0x0000000682800000, 0x0000000682800000| Untracked 
|  33|0x0000000682900000, 0x0000000682900000, 0x0000000682a00000|  0%| F|  |TAMS 0x0000000682900000, 0x0000000682900000| Untracked 
|  34|0x0000000682a00000, 0x0000000682a00000, 0x0000000682b00000|  0%| F|  |TAMS 0x0000000682a00000, 0x0000000682a00000| Untracked 
|  35|0x0000000682b00000, 0x0000000682b00000, 0x0000000682c00000|  0%| F|  |TAMS 0x0000000682b00000, 0x0000000682b00000| Untracked 
|  36|0x0000000682c00000, 0x0000000682c00000, 0x0000000682d00000|  0%| F|  |TAMS 0x0000000682c00000, 0x0000000682c00000| Untracked 
|  37|0x0000000682d00000, 0x0000000682d00000, 0x0000000682e00000|  0%| F|  |TAMS 0x0000000682d00000, 0x0000000682d00000| Untracked 
|  38|0x0000000682e00000, 0x0000000682e00000, 0x0000000682f00000|  0%| F|  |TAMS 0x0000000682e00000, 0x0000000682e00000| Untracked 
|  39|0x0000000682f00000, 0x0000000682f00000, 0x0000000683000000|  0%| F|  |TAMS 0x0000000682f00000, 0x0000000682f00000| Untracked 
|  40|0x0000000683000000, 0x0000000683000000, 0x0000000683100000|  0%| F|  |TAMS 0x0000000683000000, 0x0000000683000000| Untracked 
|  41|0x0000000683100000, 0x0000000683100000, 0x0000000683200000|  0%| F|  |TAMS 0x0000000683100000, 0x0000000683100000| Untracked 
|  42|0x0000000683200000, 0x0000000683200000, 0x0000000683300000|  0%| F|  |TAMS 0x0000000683200000, 0x0000000683200000| Untracked 
|  43|0x0000000683300000, 0x0000000683300000, 0x0000000683400000|  0%| F|  |TAMS 0x0000000683300000, 0x0000000683300000| Untracked 
|  44|0x0000000683400000, 0x0000000683400000, 0x0000000683500000|  0%| F|  |TAMS 0x0000000683400000, 0x0000000683400000| Untracked 
|  45|0x0000000683500000, 0x0000000683500000, 0x0000000683600000|  0%| F|  |TAMS 0x0000000683500000, 0x0000000683500000| Untracked 
|  46|0x0000000683600000, 0x0000000683600000, 0x0000000683700000|  0%| F|  |TAMS 0x0000000683600000, 0x0000000683600000| Untracked 
|  47|0x0000000683700000, 0x0000000683700000, 0x0000000683800000|  0%| F|  |TAMS 0x0000000683700000, 0x0000000683700000| Untracked 
|  48|0x0000000683800000, 0x0000000683800000, 0x0000000683900000|  0%| F|  |TAMS 0x0000000683800000, 0x0000000683800000| Untracked 
|  49|0x0000000683900000, 0x0000000683900000, 0x0000000683a00000|  0%| F|  |TAMS 0x0000000683900000, 0x0000000683900000| Untracked 
|  50|0x0000000683a00000, 0x0000000683a00000, 0x0000000683b00000|  0%| F|  |TAMS 0x0000000683a00000, 0x0000000683a00000| Untracked 
|  51|0x0000000683b00000, 0x0000000683b00000, 0x0000000683c00000|  0%| F|  |TAMS 0x0000000683b00000, 0x0000000683b00000| Untracked 
|  52|0x0000000683c00000, 0x0000000683c00000, 0x0000000683d00000|  0%| F|  |TAMS 0x0000000683c00000, 0x0000000683c00000| Untracked 
|  53|0x0000000683d00000, 0x0000000683d00000, 0x0000000683e00000|  0%| F|  |TAMS 0x0000000683d00000, 0x0000000683d00000| Untracked 
|  54|0x0000000683e00000, 0x0000000683e00000, 0x0000000683f00000|  0%| F|  |TAMS 0x0000000683e00000, 0x0000000683e00000| Untracked 
|  55|0x0000000683f00000, 0x0000000683f00000, 0x0000000684000000|  0%| F|  |TAMS 0x0000000683f00000, 0x0000000683f00000| Untracked 
|  56|0x0000000684000000, 0x0000000684000000, 0x0000000684100000|  0%| F|  |TAMS 0x0000000684000000, 0x0000000684000000| Untracked 
|  57|0x0000000684100000, 0x0000000684100000, 0x0000000684200000|  0%| F|  |TAMS 0x0000000684100000, 0x0000000684100000| Untracked 
|  58|0x0000000684200000, 0x0000000684200000, 0x0000000684300000|  0%| F|  |TAMS 0x0000000684200000, 0x0000000684200000| Untracked 
|  59|0x0000000684300000, 0x0000000684300000, 0x0000000684400000|  0%| F|  |TAMS 0x0000000684300000, 0x0000000684300000| Untracked 
|  60|0x0000000684400000, 0x0000000684400000, 0x0000000684500000|  0%| F|  |TAMS 0x0000000684400000, 0x0000000684400000| Untracked 
|  61|0x0000000684500000, 0x0000000684500000, 0x0000000684600000|  0%| F|  |TAMS 0x0000000684500000, 0x0000000684500000| Untracked 
|  62|0x0000000684600000, 0x0000000684600000, 0x0000000684700000|  0%| F|  |TAMS 0x0000000684600000, 0x0000000684600000| Untracked 
|  63|0x0000000684700000, 0x0000000684700000, 0x0000000684800000|  0%| F|  |TAMS 0x0000000684700000, 0x0000000684700000| Untracked 
|  64|0x0000000684800000, 0x0000000684800000, 0x0000000684900000|  0%| F|  |TAMS 0x0000000684800000, 0x0000000684800000| Untracked 
|  65|0x0000000684900000, 0x0000000684900000, 0x0000000684a00000|  0%| F|  |TAMS 0x0000000684900000, 0x0000000684900000| Untracked 
|  66|0x0000000684a00000, 0x0000000684a00000, 0x0000000684b00000|  0%| F|  |TAMS 0x0000000684a00000, 0x0000000684a00000| Untracked 
|  67|0x0000000684b00000, 0x0000000684b00000, 0x0000000684c00000|  0%| F|  |TAMS 0x0000000684b00000, 0x0000000684b00000| Untracked 
|  68|0x0000000684c00000, 0x0000000684c00000, 0x0000000684d00000|  0%| F|  |TAMS 0x0000000684c00000, 0x0000000684c00000| Untracked 
|  69|0x0000000684d00000, 0x0000000684d00000, 0x0000000684e00000|  0%| F|  |TAMS 0x0000000684d00000, 0x0000000684d00000| Untracked 
|  70|0x0000000684e00000, 0x0000000684e00000, 0x0000000684f00000|  0%| F|  |TAMS 0x0000000684e00000, 0x0000000684e00000| Untracked 
|  71|0x0000000684f00000, 0x0000000684f00000, 0x0000000685000000|  0%| F|  |TAMS 0x0000000684f00000, 0x0000000684f00000| Untracked 
|  72|0x0000000685000000, 0x0000000685000000, 0x0000000685100000|  0%| F|  |TAMS 0x0000000685000000, 0x0000000685000000| Untracked 
|  73|0x0000000685100000, 0x0000000685100000, 0x0000000685200000|  0%| F|  |TAMS 0x0000000685100000, 0x0000000685100000| Untracked 
|  74|0x0000000685200000, 0x0000000685200000, 0x0000000685300000|  0%| F|  |TAMS 0x0000000685200000, 0x0000000685200000| Untracked 
|  75|0x0000000685300000, 0x0000000685300000, 0x0000000685400000|  0%| F|  |TAMS 0x0000000685300000, 0x0000000685300000| Untracked 
|  76|0x0000000685400000, 0x0000000685400000, 0x0000000685500000|  0%| F|  |TAMS 0x0000000685400000, 0x0000000685400000| Untracked 
|  77|0x0000000685500000, 0x0000000685500000, 0x0000000685600000|  0%| F|  |TAMS 0x0000000685500000, 0x0000000685500000| Untracked 
|  78|0x0000000685600000, 0x0000000685600000, 0x0000000685700000|  0%| F|  |TAMS 0x0000000685600000, 0x0000000685600000| Untracked 
|  79|0x0000000685700000, 0x0000000685700000, 0x0000000685800000|  0%| F|  |TAMS 0x0000000685700000, 0x0000000685700000| Untracked 
|  80|0x0000000685800000, 0x0000000685800000, 0x0000000685900000|  0%| F|  |TAMS 0x0000000685800000, 0x0000000685800000| Untracked 
|  81|0x0000000685900000, 0x0000000685900000, 0x0000000685a00000|  0%| F|  |TAMS 0x0000000685900000, 0x0000000685900000| Untracked 
|  82|0x0000000685a00000, 0x0000000685a00000, 0x0000000685b00000|  0%| F|  |TAMS 0x0000000685a00000, 0x0000000685a00000| Untracked 
|  83|0x0000000685b00000, 0x0000000685b00000, 0x0000000685c00000|  0%| F|  |TAMS 0x0000000685b00000, 0x0000000685b00000| Untracked 
|  84|0x0000000685c00000, 0x0000000685c00000, 0x0000000685d00000|  0%| F|  |TAMS 0x0000000685c00000, 0x0000000685c00000| Untracked 
|  85|0x0000000685d00000, 0x0000000685d00000, 0x0000000685e00000|  0%| F|  |TAMS 0x0000000685d00000, 0x0000000685d00000| Untracked 
|  86|0x0000000685e00000, 0x0000000685e00000, 0x0000000685f00000|  0%| F|  |TAMS 0x0000000685e00000, 0x0000000685e00000| Untracked 
|  87|0x0000000685f00000, 0x0000000685f00000, 0x0000000686000000|  0%| F|  |TAMS 0x0000000685f00000, 0x0000000685f00000| Untracked 
|  88|0x0000000686000000, 0x0000000686000000, 0x0000000686100000|  0%| F|  |TAMS 0x0000000686000000, 0x0000000686000000| Untracked 
|  89|0x0000000686100000, 0x0000000686100000, 0x0000000686200000|  0%| F|  |TAMS 0x0000000686100000, 0x0000000686100000| Untracked 
|  90|0x0000000686200000, 0x0000000686200000, 0x0000000686300000|  0%| F|  |TAMS 0x0000000686200000, 0x0000000686200000| Untracked 
|  91|0x0000000686300000, 0x0000000686300000, 0x0000000686400000|  0%| F|  |TAMS 0x0000000686300000, 0x0000000686300000| Untracked 
|  92|0x0000000686400000, 0x0000000686400000, 0x0000000686500000|  0%| F|  |TAMS 0x0000000686400000, 0x0000000686400000| Untracked 
|  93|0x0000000686500000, 0x0000000686500000, 0x0000000686600000|  0%| F|  |TAMS 0x0000000686500000, 0x0000000686500000| Untracked 
|  94|0x0000000686600000, 0x0000000686600000, 0x0000000686700000|  0%| F|  |TAMS 0x0000000686600000, 0x0000000686600000| Untracked 
|  95|0x0000000686700000, 0x0000000686700000, 0x0000000686800000|  0%| F|  |TAMS 0x0000000686700000, 0x0000000686700000| Untracked 
|  96|0x0000000686800000, 0x0000000686800000, 0x0000000686900000|  0%| F|  |TAMS 0x0000000686800000, 0x0000000686800000| Untracked 
|  97|0x0000000686900000, 0x0000000686900000, 0x0000000686a00000|  0%| F|  |TAMS 0x0000000686900000, 0x0000000686900000| Untracked 
|  98|0x0000000686a00000, 0x0000000686a00000, 0x0000000686b00000|  0%| F|  |TAMS 0x0000000686a00000, 0x0000000686a00000| Untracked 
|  99|0x0000000686b00000, 0x0000000686b00000, 0x0000000686c00000|  0%| F|  |TAMS 0x0000000686b00000, 0x0000000686b00000| Untracked 
| 100|0x0000000686c00000, 0x0000000686c00000, 0x0000000686d00000|  0%| F|  |TAMS 0x0000000686c00000, 0x0000000686c00000| Untracked 
| 101|0x0000000686d00000, 0x0000000686d00000, 0x0000000686e00000|  0%| F|  |TAMS 0x0000000686d00000, 0x0000000686d00000| Untracked 
| 102|0x0000000686e00000, 0x0000000686e00000, 0x0000000686f00000|  0%| F|  |TAMS 0x0000000686e00000, 0x0000000686e00000| Untracked 
| 103|0x0000000686f00000, 0x0000000686f00000, 0x0000000687000000|  0%| F|  |TAMS 0x0000000686f00000, 0x0000000686f00000| Untracked 
| 104|0x0000000687000000, 0x0000000687000000, 0x0000000687100000|  0%| F|  |TAMS 0x0000000687000000, 0x0000000687000000| Untracked 
| 105|0x0000000687100000, 0x0000000687100000, 0x0000000687200000|  0%| F|  |TAMS 0x0000000687100000, 0x0000000687100000| Untracked 
| 106|0x0000000687200000, 0x0000000687200000, 0x0000000687300000|  0%| F|  |TAMS 0x0000000687200000, 0x0000000687200000| Untracked 
| 107|0x0000000687300000, 0x0000000687300000, 0x0000000687400000|  0%| F|  |TAMS 0x0000000687300000, 0x0000000687300000| Untracked 
| 108|0x0000000687400000, 0x0000000687400000, 0x0000000687500000|  0%| F|  |TAMS 0x0000000687400000, 0x0000000687400000| Untracked 
| 109|0x0000000687500000, 0x0000000687500000, 0x0000000687600000|  0%| F|  |TAMS 0x0000000687500000, 0x0000000687500000| Untracked 
| 110|0x0000000687600000, 0x0000000687600000, 0x0000000687700000|  0%| F|  |TAMS 0x0000000687600000, 0x0000000687600000| Untracked 
| 111|0x0000000687700000, 0x0000000687700000, 0x0000000687800000|  0%| F|  |TAMS 0x0000000687700000, 0x0000000687700000| Untracked 
| 112|0x0000000687800000, 0x0000000687800000, 0x0000000687900000|  0%| F|  |TAMS 0x0000000687800000, 0x0000000687800000| Untracked 
| 113|0x0000000687900000, 0x0000000687900000, 0x0000000687a00000|  0%| F|  |TAMS 0x0000000687900000, 0x0000000687900000| Untracked 
| 114|0x0000000687a00000, 0x0000000687a00000, 0x0000000687b00000|  0%| F|  |TAMS 0x0000000687a00000, 0x0000000687a00000| Untracked 
| 115|0x0000000687b00000, 0x0000000687b00000, 0x0000000687c00000|  0%| F|  |TAMS 0x0000000687b00000, 0x0000000687b00000| Untracked 
| 116|0x0000000687c00000, 0x0000000687c00000, 0x0000000687d00000|  0%| F|  |TAMS 0x0000000687c00000, 0x0000000687c00000| Untracked 
| 117|0x0000000687d00000, 0x0000000687d00000, 0x0000000687e00000|  0%| F|  |TAMS 0x0000000687d00000, 0x0000000687d00000| Untracked 
| 118|0x0000000687e00000, 0x0000000687e00000, 0x0000000687f00000|  0%| F|  |TAMS 0x0000000687e00000, 0x0000000687e00000| Untracked 
| 119|0x0000000687f00000, 0x0000000687f00000, 0x0000000688000000|  0%| F|  |TAMS 0x0000000687f00000, 0x0000000687f00000| Untracked 
| 120|0x0000000688000000, 0x0000000688000000, 0x0000000688100000|  0%| F|  |TAMS 0x0000000688000000, 0x0000000688000000| Untracked 
| 121|0x0000000688100000, 0x0000000688100000, 0x0000000688200000|  0%| F|  |TAMS 0x0000000688100000, 0x0000000688100000| Untracked 
| 122|0x0000000688200000, 0x0000000688200000, 0x0000000688300000|  0%| F|  |TAMS 0x0000000688200000, 0x0000000688200000| Untracked 
| 123|0x0000000688300000, 0x0000000688300000, 0x0000000688400000|  0%| F|  |TAMS 0x0000000688300000, 0x0000000688300000| Untracked 
| 124|0x0000000688400000, 0x0000000688400000, 0x0000000688500000|  0%| F|  |TAMS 0x0000000688400000, 0x0000000688400000| Untracked 
| 125|0x0000000688500000, 0x0000000688500000, 0x0000000688600000|  0%| F|  |TAMS 0x0000000688500000, 0x0000000688500000| Untracked 
| 126|0x0000000688600000, 0x0000000688600000, 0x0000000688700000|  0%| F|  |TAMS 0x0000000688600000, 0x0000000688600000| Untracked 
| 127|0x0000000688700000, 0x0000000688700000, 0x0000000688800000|  0%| F|  |TAMS 0x0000000688700000, 0x0000000688700000| Untracked 
| 128|0x0000000688800000, 0x0000000688800000, 0x0000000688900000|  0%| F|  |TAMS 0x0000000688800000, 0x0000000688800000| Untracked 
| 129|0x0000000688900000, 0x0000000688900000, 0x0000000688a00000|  0%| F|  |TAMS 0x0000000688900000, 0x0000000688900000| Untracked 
| 130|0x0000000688a00000, 0x0000000688a00000, 0x0000000688b00000|  0%| F|  |TAMS 0x0000000688a00000, 0x0000000688a00000| Untracked 
| 131|0x0000000688b00000, 0x0000000688b00000, 0x0000000688c00000|  0%| F|  |TAMS 0x0000000688b00000, 0x0000000688b00000| Untracked 
| 132|0x0000000688c00000, 0x0000000688c00000, 0x0000000688d00000|  0%| F|  |TAMS 0x0000000688c00000, 0x0000000688c00000| Untracked 
| 133|0x0000000688d00000, 0x0000000688d00000, 0x0000000688e00000|  0%| F|  |TAMS 0x0000000688d00000, 0x0000000688d00000| Untracked 
| 134|0x0000000688e00000, 0x0000000688e00000, 0x0000000688f00000|  0%| F|  |TAMS 0x0000000688e00000, 0x0000000688e00000| Untracked 
| 135|0x0000000688f00000, 0x0000000688f00000, 0x0000000689000000|  0%| F|  |TAMS 0x0000000688f00000, 0x0000000688f00000| Untracked 
| 136|0x0000000689000000, 0x0000000689000000, 0x0000000689100000|  0%| F|  |TAMS 0x0000000689000000, 0x0000000689000000| Untracked 
| 137|0x0000000689100000, 0x0000000689100000, 0x0000000689200000|  0%| F|  |TAMS 0x0000000689100000, 0x0000000689100000| Untracked 
| 138|0x0000000689200000, 0x0000000689200000, 0x0000000689300000|  0%| F|  |TAMS 0x0000000689200000, 0x0000000689200000| Untracked 
| 139|0x0000000689300000, 0x0000000689300000, 0x0000000689400000|  0%| F|  |TAMS 0x0000000689300000, 0x0000000689300000| Untracked 
| 140|0x0000000689400000, 0x0000000689400000, 0x0000000689500000|  0%| F|  |TAMS 0x0000000689400000, 0x0000000689400000| Untracked 
| 141|0x0000000689500000, 0x0000000689500000, 0x0000000689600000|  0%| F|  |TAMS 0x0000000689500000, 0x0000000689500000| Untracked 
| 142|0x0000000689600000, 0x0000000689600000, 0x0000000689700000|  0%| F|  |TAMS 0x0000000689600000, 0x0000000689600000| Untracked 
| 143|0x0000000689700000, 0x0000000689700000, 0x0000000689800000|  0%| F|  |TAMS 0x0000000689700000, 0x0000000689700000| Untracked 
| 144|0x0000000689800000, 0x0000000689800000, 0x0000000689900000|  0%| F|  |TAMS 0x0000000689800000, 0x0000000689800000| Untracked 
| 145|0x0000000689900000, 0x0000000689900000, 0x0000000689a00000|  0%| F|  |TAMS 0x0000000689900000, 0x0000000689900000| Untracked 
| 146|0x0000000689a00000, 0x0000000689a00000, 0x0000000689b00000|  0%| F|  |TAMS 0x0000000689a00000, 0x0000000689a00000| Untracked 
| 147|0x0000000689b00000, 0x0000000689b00000, 0x0000000689c00000|  0%| F|  |TAMS 0x0000000689b00000, 0x0000000689b00000| Untracked 
| 148|0x0000000689c00000, 0x0000000689c00000, 0x0000000689d00000|  0%| F|  |TAMS 0x0000000689c00000, 0x0000000689c00000| Untracked 
| 149|0x0000000689d00000, 0x0000000689d00000, 0x0000000689e00000|  0%| F|  |TAMS 0x0000000689d00000, 0x0000000689d00000| Untracked 
| 150|0x0000000689e00000, 0x0000000689e00000, 0x0000000689f00000|  0%| F|  |TAMS 0x0000000689e00000, 0x0000000689e00000| Untracked 
| 151|0x0000000689f00000, 0x0000000689f00000, 0x000000068a000000|  0%| F|  |TAMS 0x0000000689f00000, 0x0000000689f00000| Untracked 
| 152|0x000000068a000000, 0x000000068a000000, 0x000000068a100000|  0%| F|  |TAMS 0x000000068a000000, 0x000000068a000000| Untracked 
| 153|0x000000068a100000, 0x000000068a100000, 0x000000068a200000|  0%| F|  |TAMS 0x000000068a100000, 0x000000068a100000| Untracked 
| 154|0x000000068a200000, 0x000000068a200000, 0x000000068a300000|  0%| F|  |TAMS 0x000000068a200000, 0x000000068a200000| Untracked 
| 155|0x000000068a300000, 0x000000068a300000, 0x000000068a400000|  0%| F|  |TAMS 0x000000068a300000, 0x000000068a300000| Untracked 
| 156|0x000000068a400000, 0x000000068a400000, 0x000000068a500000|  0%| F|  |TAMS 0x000000068a400000, 0x000000068a400000| Untracked 
| 157|0x000000068a500000, 0x000000068a500000, 0x000000068a600000|  0%| F|  |TAMS 0x000000068a500000, 0x000000068a500000| Untracked 
| 158|0x000000068a600000, 0x000000068a600000, 0x000000068a700000|  0%| F|  |TAMS 0x000000068a600000, 0x000000068a600000| Untracked 
| 159|0x000000068a700000, 0x000000068a700000, 0x000000068a800000|  0%| F|  |TAMS 0x000000068a700000, 0x000000068a700000| Untracked 
| 160|0x000000068a800000, 0x000000068a800000, 0x000000068a900000|  0%| F|  |TAMS 0x000000068a800000, 0x000000068a800000| Untracked 
| 161|0x000000068a900000, 0x000000068a900000, 0x000000068aa00000|  0%| F|  |TAMS 0x000000068a900000, 0x000000068a900000| Untracked 
| 162|0x000000068aa00000, 0x000000068aa00000, 0x000000068ab00000|  0%| F|  |TAMS 0x000000068aa00000, 0x000000068aa00000| Untracked 
| 163|0x000000068ab00000, 0x000000068ab00000, 0x000000068ac00000|  0%| F|  |TAMS 0x000000068ab00000, 0x000000068ab00000| Untracked 
| 164|0x000000068ac00000, 0x000000068ac00000, 0x000000068ad00000|  0%| F|  |TAMS 0x000000068ac00000, 0x000000068ac00000| Untracked 
| 165|0x000000068ad00000, 0x000000068ad00000, 0x000000068ae00000|  0%| F|  |TAMS 0x000000068ad00000, 0x000000068ad00000| Untracked 
| 166|0x000000068ae00000, 0x000000068ae00000, 0x000000068af00000|  0%| F|  |TAMS 0x000000068ae00000, 0x000000068ae00000| Untracked 
| 167|0x000000068af00000, 0x000000068af00000, 0x000000068b000000|  0%| F|  |TAMS 0x000000068af00000, 0x000000068af00000| Untracked 
| 168|0x000000068b000000, 0x000000068b000000, 0x000000068b100000|  0%| F|  |TAMS 0x000000068b000000, 0x000000068b000000| Untracked 
| 169|0x000000068b100000, 0x000000068b100000, 0x000000068b200000|  0%| F|  |TAMS 0x000000068b100000, 0x000000068b100000| Untracked 
| 170|0x000000068b200000, 0x000000068b200000, 0x000000068b300000|  0%| F|  |TAMS 0x000000068b200000, 0x000000068b200000| Untracked 
| 171|0x000000068b300000, 0x000000068b300000, 0x000000068b400000|  0%| F|  |TAMS 0x000000068b300000, 0x000000068b300000| Untracked 
| 172|0x000000068b400000, 0x000000068b400000, 0x000000068b500000|  0%| F|  |TAMS 0x000000068b400000, 0x000000068b400000| Untracked 
| 173|0x000000068b500000, 0x000000068b500000, 0x000000068b600000|  0%| F|  |TAMS 0x000000068b500000, 0x000000068b500000| Untracked 
| 174|0x000000068b600000, 0x000000068b600000, 0x000000068b700000|  0%| F|  |TAMS 0x000000068b600000, 0x000000068b600000| Untracked 
| 175|0x000000068b700000, 0x000000068b700000, 0x000000068b800000|  0%| F|  |TAMS 0x000000068b700000, 0x000000068b700000| Untracked 
| 176|0x000000068b800000, 0x000000068b800000, 0x000000068b900000|  0%| F|  |TAMS 0x000000068b800000, 0x000000068b800000| Untracked 
| 177|0x000000068b900000, 0x000000068b900000, 0x000000068ba00000|  0%| F|  |TAMS 0x000000068b900000, 0x000000068b900000| Untracked 
| 178|0x000000068ba00000, 0x000000068ba00000, 0x000000068bb00000|  0%| F|  |TAMS 0x000000068ba00000, 0x000000068ba00000| Untracked 
| 179|0x000000068bb00000, 0x000000068bb00000, 0x000000068bc00000|  0%| F|  |TAMS 0x000000068bb00000, 0x000000068bb00000| Untracked 
| 180|0x000000068bc00000, 0x000000068bc00000, 0x000000068bd00000|  0%| F|  |TAMS 0x000000068bc00000, 0x000000068bc00000| Untracked 
| 181|0x000000068bd00000, 0x000000068bd00000, 0x000000068be00000|  0%| F|  |TAMS 0x000000068bd00000, 0x000000068bd00000| Untracked 
| 182|0x000000068be00000, 0x000000068be00000, 0x000000068bf00000|  0%| F|  |TAMS 0x000000068be00000, 0x000000068be00000| Untracked 
| 183|0x000000068bf00000, 0x000000068bf00000, 0x000000068c000000|  0%| F|  |TAMS 0x000000068bf00000, 0x000000068bf00000| Untracked 
| 184|0x000000068c000000, 0x000000068c000000, 0x000000068c100000|  0%| F|  |TAMS 0x000000068c000000, 0x000000068c000000| Untracked 
| 185|0x000000068c100000, 0x000000068c100000, 0x000000068c200000|  0%| F|  |TAMS 0x000000068c100000, 0x000000068c100000| Untracked 
| 186|0x000000068c200000, 0x000000068c200000, 0x000000068c300000|  0%| F|  |TAMS 0x000000068c200000, 0x000000068c200000| Untracked 
| 187|0x000000068c300000, 0x000000068c300000, 0x000000068c400000|  0%| F|  |TAMS 0x000000068c300000, 0x000000068c300000| Untracked 
| 188|0x000000068c400000, 0x000000068c400000, 0x000000068c500000|  0%| F|  |TAMS 0x000000068c400000, 0x000000068c400000| Untracked 
| 189|0x000000068c500000, 0x000000068c500000, 0x000000068c600000|  0%| F|  |TAMS 0x000000068c500000, 0x000000068c500000| Untracked 
| 190|0x000000068c600000, 0x000000068c600000, 0x000000068c700000|  0%| F|  |TAMS 0x000000068c600000, 0x000000068c600000| Untracked 
| 191|0x000000068c700000, 0x000000068c700000, 0x000000068c800000|  0%| F|  |TAMS 0x000000068c700000, 0x000000068c700000| Untracked 
| 192|0x000000068c800000, 0x000000068c800000, 0x000000068c900000|  0%| F|  |TAMS 0x000000068c800000, 0x000000068c800000| Untracked 
| 193|0x000000068c900000, 0x000000068c900000, 0x000000068ca00000|  0%| F|  |TAMS 0x000000068c900000, 0x000000068c900000| Untracked 
| 194|0x000000068ca00000, 0x000000068ca00000, 0x000000068cb00000|  0%| F|  |TAMS 0x000000068ca00000, 0x000000068ca00000| Untracked 
| 195|0x000000068cb00000, 0x000000068cb00000, 0x000000068cc00000|  0%| F|  |TAMS 0x000000068cb00000, 0x000000068cb00000| Untracked 
| 196|0x000000068cc00000, 0x000000068cc00000, 0x000000068cd00000|  0%| F|  |TAMS 0x000000068cc00000, 0x000000068cc00000| Untracked 
| 197|0x000000068cd00000, 0x000000068cd00000, 0x000000068ce00000|  0%| F|  |TAMS 0x000000068cd00000, 0x000000068cd00000| Untracked 
| 198|0x000000068ce00000, 0x000000068ce00000, 0x000000068cf00000|  0%| F|  |TAMS 0x000000068ce00000, 0x000000068ce00000| Untracked 
| 199|0x000000068cf00000, 0x000000068cf00000, 0x000000068d000000|  0%| F|  |TAMS 0x000000068cf00000, 0x000000068cf00000| Untracked 
| 200|0x000000068d000000, 0x000000068d000000, 0x000000068d100000|  0%| F|  |TAMS 0x000000068d000000, 0x000000068d000000| Untracked 
| 201|0x000000068d100000, 0x000000068d100000, 0x000000068d200000|  0%| F|  |TAMS 0x000000068d100000, 0x000000068d100000| Untracked 
| 202|0x000000068d200000, 0x000000068d200000, 0x000000068d300000|  0%| F|  |TAMS 0x000000068d200000, 0x000000068d200000| Untracked 
| 203|0x000000068d300000, 0x000000068d300000, 0x000000068d400000|  0%| F|  |TAMS 0x000000068d300000, 0x000000068d300000| Untracked 
| 204|0x000000068d400000, 0x000000068d400000, 0x000000068d500000|  0%| F|  |TAMS 0x000000068d400000, 0x000000068d400000| Untracked 
| 205|0x000000068d500000, 0x000000068d500000, 0x000000068d600000|  0%| F|  |TAMS 0x000000068d500000, 0x000000068d500000| Untracked 
| 206|0x000000068d600000, 0x000000068d600000, 0x000000068d700000|  0%| F|  |TAMS 0x000000068d600000, 0x000000068d600000| Untracked 
| 207|0x000000068d700000, 0x000000068d700000, 0x000000068d800000|  0%| F|  |TAMS 0x000000068d700000, 0x000000068d700000| Untracked 
| 208|0x000000068d800000, 0x000000068d800000, 0x000000068d900000|  0%| F|  |TAMS 0x000000068d800000, 0x000000068d800000| Untracked 
| 209|0x000000068d900000, 0x000000068d900000, 0x000000068da00000|  0%| F|  |TAMS 0x000000068d900000, 0x000000068d900000| Untracked 
| 210|0x000000068da00000, 0x000000068da00000, 0x000000068db00000|  0%| F|  |TAMS 0x000000068da00000, 0x000000068da00000| Untracked 
| 211|0x000000068db00000, 0x000000068db00000, 0x000000068dc00000|  0%| F|  |TAMS 0x000000068db00000, 0x000000068db00000| Untracked 
| 212|0x000000068dc00000, 0x000000068dc00000, 0x000000068dd00000|  0%| F|  |TAMS 0x000000068dc00000, 0x000000068dc00000| Untracked 
| 213|0x000000068dd00000, 0x000000068dd00000, 0x000000068de00000|  0%| F|  |TAMS 0x000000068dd00000, 0x000000068dd00000| Untracked 
| 214|0x000000068de00000, 0x000000068de00000, 0x000000068df00000|  0%| F|  |TAMS 0x000000068de00000, 0x000000068de00000| Untracked 
| 215|0x000000068df00000, 0x000000068df00000, 0x000000068e000000|  0%| F|  |TAMS 0x000000068df00000, 0x000000068df00000| Untracked 
| 216|0x000000068e000000, 0x000000068e000000, 0x000000068e100000|  0%| F|  |TAMS 0x000000068e000000, 0x000000068e000000| Untracked 
| 217|0x000000068e100000, 0x000000068e100000, 0x000000068e200000|  0%| F|  |TAMS 0x000000068e100000, 0x000000068e100000| Untracked 
| 218|0x000000068e200000, 0x000000068e200000, 0x000000068e300000|  0%| F|  |TAMS 0x000000068e200000, 0x000000068e200000| Untracked 
| 219|0x000000068e300000, 0x000000068e300000, 0x000000068e400000|  0%| F|  |TAMS 0x000000068e300000, 0x000000068e300000| Untracked 
| 220|0x000000068e400000, 0x000000068e400000, 0x000000068e500000|  0%| F|  |TAMS 0x000000068e400000, 0x000000068e400000| Untracked 
| 221|0x000000068e500000, 0x000000068e500000, 0x000000068e600000|  0%| F|  |TAMS 0x000000068e500000, 0x000000068e500000| Untracked 
| 222|0x000000068e600000, 0x000000068e600000, 0x000000068e700000|  0%| F|  |TAMS 0x000000068e600000, 0x000000068e600000| Untracked 
| 223|0x000000068e700000, 0x000000068e700000, 0x000000068e800000|  0%| F|  |TAMS 0x000000068e700000, 0x000000068e700000| Untracked 
| 224|0x000000068e800000, 0x000000068e800000, 0x000000068e900000|  0%| F|  |TAMS 0x000000068e800000, 0x000000068e800000| Untracked 
| 225|0x000000068e900000, 0x000000068e900000, 0x000000068ea00000|  0%| F|  |TAMS 0x000000068e900000, 0x000000068e900000| Untracked 
| 226|0x000000068ea00000, 0x000000068ea00000, 0x000000068eb00000|  0%| F|  |TAMS 0x000000068ea00000, 0x000000068ea00000| Untracked 
| 227|0x000000068eb00000, 0x000000068eb00000, 0x000000068ec00000|  0%| F|  |TAMS 0x000000068eb00000, 0x000000068eb00000| Untracked 
| 228|0x000000068ec00000, 0x000000068ec00000, 0x000000068ed00000|  0%| F|  |TAMS 0x000000068ec00000, 0x000000068ec00000| Untracked 
| 229|0x000000068ed00000, 0x000000068ed00000, 0x000000068ee00000|  0%| F|  |TAMS 0x000000068ed00000, 0x000000068ed00000| Untracked 
| 230|0x000000068ee00000, 0x000000068ee00000, 0x000000068ef00000|  0%| F|  |TAMS 0x000000068ee00000, 0x000000068ee00000| Untracked 
| 231|0x000000068ef00000, 0x000000068ef00000, 0x000000068f000000|  0%| F|  |TAMS 0x000000068ef00000, 0x000000068ef00000| Untracked 
| 232|0x000000068f000000, 0x000000068f000000, 0x000000068f100000|  0%| F|  |TAMS 0x000000068f000000, 0x000000068f000000| Untracked 
| 233|0x000000068f100000, 0x000000068f100000, 0x000000068f200000|  0%| F|  |TAMS 0x000000068f100000, 0x000000068f100000| Untracked 
| 234|0x000000068f200000, 0x000000068f200000, 0x000000068f300000|  0%| F|  |TAMS 0x000000068f200000, 0x000000068f200000| Untracked 
| 235|0x000000068f300000, 0x000000068f300000, 0x000000068f400000|  0%| F|  |TAMS 0x000000068f300000, 0x000000068f300000| Untracked 
| 236|0x000000068f400000, 0x000000068f400000, 0x000000068f500000|  0%| F|  |TAMS 0x000000068f400000, 0x000000068f400000| Untracked 
| 237|0x000000068f500000, 0x000000068f500000, 0x000000068f600000|  0%| F|  |TAMS 0x000000068f500000, 0x000000068f500000| Untracked 
| 238|0x000000068f600000, 0x000000068f600000, 0x000000068f700000|  0%| F|  |TAMS 0x000000068f600000, 0x000000068f600000| Untracked 
| 239|0x000000068f700000, 0x000000068f700000, 0x000000068f800000|  0%| F|  |TAMS 0x000000068f700000, 0x000000068f700000| Untracked 
| 240|0x000000068f800000, 0x000000068f800000, 0x000000068f900000|  0%| F|  |TAMS 0x000000068f800000, 0x000000068f800000| Untracked 
| 241|0x000000068f900000, 0x000000068f900000, 0x000000068fa00000|  0%| F|  |TAMS 0x000000068f900000, 0x000000068f900000| Untracked 
| 242|0x000000068fa00000, 0x000000068fa00000, 0x000000068fb00000|  0%| F|  |TAMS 0x000000068fa00000, 0x000000068fa00000| Untracked 
| 243|0x000000068fb00000, 0x000000068fb00000, 0x000000068fc00000|  0%| F|  |TAMS 0x000000068fb00000, 0x000000068fb00000| Untracked 
| 244|0x000000068fc00000, 0x000000068fc00000, 0x000000068fd00000|  0%| F|  |TAMS 0x000000068fc00000, 0x000000068fc00000| Untracked 
| 245|0x000000068fd00000, 0x000000068fd00000, 0x000000068fe00000|  0%| F|  |TAMS 0x000000068fd00000, 0x000000068fd00000| Untracked 
| 246|0x000000068fe00000, 0x000000068fe00000, 0x000000068ff00000|  0%| F|  |TAMS 0x000000068fe00000, 0x000000068fe00000| Untracked 
| 247|0x000000068ff00000, 0x000000068ff00000, 0x0000000690000000|  0%| F|  |TAMS 0x000000068ff00000, 0x000000068ff00000| Untracked 
| 248|0x0000000690000000, 0x0000000690000000, 0x0000000690100000|  0%| F|  |TAMS 0x0000000690000000, 0x0000000690000000| Untracked 
| 249|0x0000000690100000, 0x0000000690100000, 0x0000000690200000|  0%| F|  |TAMS 0x0000000690100000, 0x0000000690100000| Untracked 
| 250|0x0000000690200000, 0x0000000690200000, 0x0000000690300000|  0%| F|  |TAMS 0x0000000690200000, 0x0000000690200000| Untracked 
| 251|0x0000000690300000, 0x0000000690300000, 0x0000000690400000|  0%| F|  |TAMS 0x0000000690300000, 0x0000000690300000| Untracked 
| 252|0x0000000690400000, 0x0000000690400000, 0x0000000690500000|  0%| F|  |TAMS 0x0000000690400000, 0x0000000690400000| Untracked 
| 253|0x0000000690500000, 0x0000000690500000, 0x0000000690600000|  0%| F|  |TAMS 0x0000000690500000, 0x0000000690500000| Untracked 
| 254|0x0000000690600000, 0x0000000690600000, 0x0000000690700000|  0%| F|  |TAMS 0x0000000690600000, 0x0000000690600000| Untracked 
| 255|0x0000000690700000, 0x0000000690700000, 0x0000000690800000|  0%| F|  |TAMS 0x0000000690700000, 0x0000000690700000| Untracked 
| 256|0x0000000690800000, 0x0000000690800000, 0x0000000690900000|  0%| F|  |TAMS 0x0000000690800000, 0x0000000690800000| Untracked 
| 257|0x0000000690900000, 0x0000000690900000, 0x0000000690a00000|  0%| F|  |TAMS 0x0000000690900000, 0x0000000690900000| Untracked 
| 258|0x0000000690a00000, 0x0000000690a00000, 0x0000000690b00000|  0%| F|  |TAMS 0x0000000690a00000, 0x0000000690a00000| Untracked 
| 259|0x0000000690b00000, 0x0000000690b00000, 0x0000000690c00000|  0%| F|  |TAMS 0x0000000690b00000, 0x0000000690b00000| Untracked 
| 260|0x0000000690c00000, 0x0000000690c00000, 0x0000000690d00000|  0%| F|  |TAMS 0x0000000690c00000, 0x0000000690c00000| Untracked 
| 261|0x0000000690d00000, 0x0000000690d00000, 0x0000000690e00000|  0%| F|  |TAMS 0x0000000690d00000, 0x0000000690d00000| Untracked 
| 262|0x0000000690e00000, 0x0000000690e00000, 0x0000000690f00000|  0%| F|  |TAMS 0x0000000690e00000, 0x0000000690e00000| Untracked 
| 263|0x0000000690f00000, 0x0000000690f00000, 0x0000000691000000|  0%| F|  |TAMS 0x0000000690f00000, 0x0000000690f00000| Untracked 
| 264|0x0000000691000000, 0x0000000691000000, 0x0000000691100000|  0%| F|  |TAMS 0x0000000691000000, 0x0000000691000000| Untracked 
| 265|0x0000000691100000, 0x0000000691100000, 0x0000000691200000|  0%| F|  |TAMS 0x0000000691100000, 0x0000000691100000| Untracked 
| 266|0x0000000691200000, 0x0000000691200000, 0x0000000691300000|  0%| F|  |TAMS 0x0000000691200000, 0x0000000691200000| Untracked 
| 267|0x0000000691300000, 0x0000000691300000, 0x0000000691400000|  0%| F|  |TAMS 0x0000000691300000, 0x0000000691300000| Untracked 
| 268|0x0000000691400000, 0x0000000691400000, 0x0000000691500000|  0%| F|  |TAMS 0x0000000691400000, 0x0000000691400000| Untracked 
| 269|0x0000000691500000, 0x0000000691500000, 0x0000000691600000|  0%| F|  |TAMS 0x0000000691500000, 0x0000000691500000| Untracked 
| 270|0x0000000691600000, 0x0000000691600000, 0x0000000691700000|  0%| F|  |TAMS 0x0000000691600000, 0x0000000691600000| Untracked 
| 271|0x0000000691700000, 0x0000000691700000, 0x0000000691800000|  0%| F|  |TAMS 0x0000000691700000, 0x0000000691700000| Untracked 
| 272|0x0000000691800000, 0x0000000691800000, 0x0000000691900000|  0%| F|  |TAMS 0x0000000691800000, 0x0000000691800000| Untracked 
| 273|0x0000000691900000, 0x0000000691900000, 0x0000000691a00000|  0%| F|  |TAMS 0x0000000691900000, 0x0000000691900000| Untracked 
| 274|0x0000000691a00000, 0x0000000691a00000, 0x0000000691b00000|  0%| F|  |TAMS 0x0000000691a00000, 0x0000000691a00000| Untracked 
| 275|0x0000000691b00000, 0x0000000691b00000, 0x0000000691c00000|  0%| F|  |TAMS 0x0000000691b00000, 0x0000000691b00000| Untracked 
| 276|0x0000000691c00000, 0x0000000691c00000, 0x0000000691d00000|  0%| F|  |TAMS 0x0000000691c00000, 0x0000000691c00000| Untracked 
| 277|0x0000000691d00000, 0x0000000691d00000, 0x0000000691e00000|  0%| F|  |TAMS 0x0000000691d00000, 0x0000000691d00000| Untracked 
| 278|0x0000000691e00000, 0x0000000691e00000, 0x0000000691f00000|  0%| F|  |TAMS 0x0000000691e00000, 0x0000000691e00000| Untracked 
| 279|0x0000000691f00000, 0x0000000691f00000, 0x0000000692000000|  0%| F|  |TAMS 0x0000000691f00000, 0x0000000691f00000| Untracked 
| 280|0x0000000692000000, 0x0000000692000000, 0x0000000692100000|  0%| F|  |TAMS 0x0000000692000000, 0x0000000692000000| Untracked 
| 281|0x0000000692100000, 0x0000000692100000, 0x0000000692200000|  0%| F|  |TAMS 0x0000000692100000, 0x0000000692100000| Untracked 
| 282|0x0000000692200000, 0x0000000692200000, 0x0000000692300000|  0%| F|  |TAMS 0x0000000692200000, 0x0000000692200000| Untracked 
| 283|0x0000000692300000, 0x0000000692300000, 0x0000000692400000|  0%| F|  |TAMS 0x0000000692300000, 0x0000000692300000| Untracked 
| 284|0x0000000692400000, 0x0000000692400000, 0x0000000692500000|  0%| F|  |TAMS 0x0000000692400000, 0x0000000692400000| Untracked 
| 285|0x0000000692500000, 0x0000000692500000, 0x0000000692600000|  0%| F|  |TAMS 0x0000000692500000, 0x0000000692500000| Untracked 
| 286|0x0000000692600000, 0x0000000692600000, 0x0000000692700000|  0%| F|  |TAMS 0x0000000692600000, 0x0000000692600000| Untracked 
| 287|0x0000000692700000, 0x0000000692700000, 0x0000000692800000|  0%| F|  |TAMS 0x0000000692700000, 0x0000000692700000| Untracked 
| 288|0x0000000692800000, 0x0000000692800000, 0x0000000692900000|  0%| F|  |TAMS 0x0000000692800000, 0x0000000692800000| Untracked 
| 289|0x0000000692900000, 0x0000000692900000, 0x0000000692a00000|  0%| F|  |TAMS 0x0000000692900000, 0x0000000692900000| Untracked 
| 290|0x0000000692a00000, 0x0000000692a00000, 0x0000000692b00000|  0%| F|  |TAMS 0x0000000692a00000, 0x0000000692a00000| Untracked 
| 291|0x0000000692b00000, 0x0000000692b00000, 0x0000000692c00000|  0%| F|  |TAMS 0x0000000692b00000, 0x0000000692b00000| Untracked 
| 292|0x0000000692c00000, 0x0000000692c00000, 0x0000000692d00000|  0%| F|  |TAMS 0x0000000692c00000, 0x0000000692c00000| Untracked 
| 293|0x0000000692d00000, 0x0000000692d00000, 0x0000000692e00000|  0%| F|  |TAMS 0x0000000692d00000, 0x0000000692d00000| Untracked 
| 294|0x0000000692e00000, 0x0000000692e00000, 0x0000000692f00000|  0%| F|  |TAMS 0x0000000692e00000, 0x0000000692e00000| Untracked 
| 295|0x0000000692f00000, 0x0000000692f00000, 0x0000000693000000|  0%| F|  |TAMS 0x0000000692f00000, 0x0000000692f00000| Untracked 
| 296|0x0000000693000000, 0x0000000693000000, 0x0000000693100000|  0%| F|  |TAMS 0x0000000693000000, 0x0000000693000000| Untracked 
| 297|0x0000000693100000, 0x0000000693100000, 0x0000000693200000|  0%| F|  |TAMS 0x0000000693100000, 0x0000000693100000| Untracked 
| 298|0x0000000693200000, 0x0000000693200000, 0x0000000693300000|  0%| F|  |TAMS 0x0000000693200000, 0x0000000693200000| Untracked 
| 299|0x0000000693300000, 0x0000000693300000, 0x0000000693400000|  0%| F|  |TAMS 0x0000000693300000, 0x0000000693300000| Untracked 
| 300|0x0000000693400000, 0x0000000693400000, 0x0000000693500000|  0%| F|  |TAMS 0x0000000693400000, 0x0000000693400000| Untracked 
| 301|0x0000000693500000, 0x0000000693500000, 0x0000000693600000|  0%| F|  |TAMS 0x0000000693500000, 0x0000000693500000| Untracked 
| 302|0x0000000693600000, 0x0000000693600000, 0x0000000693700000|  0%| F|  |TAMS 0x0000000693600000, 0x0000000693600000| Untracked 
| 303|0x0000000693700000, 0x0000000693700000, 0x0000000693800000|  0%| F|  |TAMS 0x0000000693700000, 0x0000000693700000| Untracked 
| 304|0x0000000693800000, 0x0000000693800000, 0x0000000693900000|  0%| F|  |TAMS 0x0000000693800000, 0x0000000693800000| Untracked 
| 305|0x0000000693900000, 0x0000000693900000, 0x0000000693a00000|  0%| F|  |TAMS 0x0000000693900000, 0x0000000693900000| Untracked 
| 306|0x0000000693a00000, 0x0000000693a00000, 0x0000000693b00000|  0%| F|  |TAMS 0x0000000693a00000, 0x0000000693a00000| Untracked 
| 307|0x0000000693b00000, 0x0000000693b00000, 0x0000000693c00000|  0%| F|  |TAMS 0x0000000693b00000, 0x0000000693b00000| Untracked 
| 308|0x0000000693c00000, 0x0000000693c00000, 0x0000000693d00000|  0%| F|  |TAMS 0x0000000693c00000, 0x0000000693c00000| Untracked 
| 309|0x0000000693d00000, 0x0000000693d00000, 0x0000000693e00000|  0%| F|  |TAMS 0x0000000693d00000, 0x0000000693d00000| Untracked 
| 310|0x0000000693e00000, 0x0000000693e00000, 0x0000000693f00000|  0%| F|  |TAMS 0x0000000693e00000, 0x0000000693e00000| Untracked 
| 311|0x0000000693f00000, 0x0000000693f00000, 0x0000000694000000|  0%| F|  |TAMS 0x0000000693f00000, 0x0000000693f00000| Untracked 
| 312|0x0000000694000000, 0x0000000694000000, 0x0000000694100000|  0%| F|  |TAMS 0x0000000694000000, 0x0000000694000000| Untracked 
| 313|0x0000000694100000, 0x0000000694100000, 0x0000000694200000|  0%| F|  |TAMS 0x0000000694100000, 0x0000000694100000| Untracked 
| 314|0x0000000694200000, 0x0000000694200000, 0x0000000694300000|  0%| F|  |TAMS 0x0000000694200000, 0x0000000694200000| Untracked 
| 315|0x0000000694300000, 0x0000000694300000, 0x0000000694400000|  0%| F|  |TAMS 0x0000000694300000, 0x0000000694300000| Untracked 
| 316|0x0000000694400000, 0x0000000694400000, 0x0000000694500000|  0%| F|  |TAMS 0x0000000694400000, 0x0000000694400000| Untracked 
| 317|0x0000000694500000, 0x0000000694500000, 0x0000000694600000|  0%| F|  |TAMS 0x0000000694500000, 0x0000000694500000| Untracked 
| 318|0x0000000694600000, 0x0000000694600000, 0x0000000694700000|  0%| F|  |TAMS 0x0000000694600000, 0x0000000694600000| Untracked 
| 319|0x0000000694700000, 0x0000000694700000, 0x0000000694800000|  0%| F|  |TAMS 0x0000000694700000, 0x0000000694700000| Untracked 
| 320|0x0000000694800000, 0x0000000694800000, 0x0000000694900000|  0%| F|  |TAMS 0x0000000694800000, 0x0000000694800000| Untracked 
| 321|0x0000000694900000, 0x0000000694900000, 0x0000000694a00000|  0%| F|  |TAMS 0x0000000694900000, 0x0000000694900000| Untracked 
| 322|0x0000000694a00000, 0x0000000694a00000, 0x0000000694b00000|  0%| F|  |TAMS 0x0000000694a00000, 0x0000000694a00000| Untracked 
| 323|0x0000000694b00000, 0x0000000694b00000, 0x0000000694c00000|  0%| F|  |TAMS 0x0000000694b00000, 0x0000000694b00000| Untracked 
| 324|0x0000000694c00000, 0x0000000694c00000, 0x0000000694d00000|  0%| F|  |TAMS 0x0000000694c00000, 0x0000000694c00000| Untracked 
| 325|0x0000000694d00000, 0x0000000694d00000, 0x0000000694e00000|  0%| F|  |TAMS 0x0000000694d00000, 0x0000000694d00000| Untracked 
| 326|0x0000000694e00000, 0x0000000694e00000, 0x0000000694f00000|  0%| F|  |TAMS 0x0000000694e00000, 0x0000000694e00000| Untracked 
| 327|0x0000000694f00000, 0x0000000694f00000, 0x0000000695000000|  0%| F|  |TAMS 0x0000000694f00000, 0x0000000694f00000| Untracked 
| 328|0x0000000695000000, 0x0000000695000000, 0x0000000695100000|  0%| F|  |TAMS 0x0000000695000000, 0x0000000695000000| Untracked 
| 329|0x0000000695100000, 0x0000000695100000, 0x0000000695200000|  0%| F|  |TAMS 0x0000000695100000, 0x0000000695100000| Untracked 
| 330|0x0000000695200000, 0x0000000695200000, 0x0000000695300000|  0%| F|  |TAMS 0x0000000695200000, 0x0000000695200000| Untracked 
| 331|0x0000000695300000, 0x0000000695300000, 0x0000000695400000|  0%| F|  |TAMS 0x0000000695300000, 0x0000000695300000| Untracked 
| 332|0x0000000695400000, 0x0000000695400000, 0x0000000695500000|  0%| F|  |TAMS 0x0000000695400000, 0x0000000695400000| Untracked 
| 333|0x0000000695500000, 0x0000000695500000, 0x0000000695600000|  0%| F|  |TAMS 0x0000000695500000, 0x0000000695500000| Untracked 
| 334|0x0000000695600000, 0x0000000695600000, 0x0000000695700000|  0%| F|  |TAMS 0x0000000695600000, 0x0000000695600000| Untracked 
| 335|0x0000000695700000, 0x0000000695700000, 0x0000000695800000|  0%| F|  |TAMS 0x0000000695700000, 0x0000000695700000| Untracked 
| 336|0x0000000695800000, 0x0000000695800000, 0x0000000695900000|  0%| F|  |TAMS 0x0000000695800000, 0x0000000695800000| Untracked 
| 337|0x0000000695900000, 0x0000000695900000, 0x0000000695a00000|  0%| F|  |TAMS 0x0000000695900000, 0x0000000695900000| Untracked 
| 338|0x0000000695a00000, 0x0000000695a00000, 0x0000000695b00000|  0%| F|  |TAMS 0x0000000695a00000, 0x0000000695a00000| Untracked 
| 339|0x0000000695b00000, 0x0000000695b00000, 0x0000000695c00000|  0%| F|  |TAMS 0x0000000695b00000, 0x0000000695b00000| Untracked 
| 340|0x0000000695c00000, 0x0000000695c00000, 0x0000000695d00000|  0%| F|  |TAMS 0x0000000695c00000, 0x0000000695c00000| Untracked 
| 341|0x0000000695d00000, 0x0000000695d00000, 0x0000000695e00000|  0%| F|  |TAMS 0x0000000695d00000, 0x0000000695d00000| Untracked 
| 342|0x0000000695e00000, 0x0000000695e00000, 0x0000000695f00000|  0%| F|  |TAMS 0x0000000695e00000, 0x0000000695e00000| Untracked 
| 343|0x0000000695f00000, 0x0000000695f00000, 0x0000000696000000|  0%| F|  |TAMS 0x0000000695f00000, 0x0000000695f00000| Untracked 
| 344|0x0000000696000000, 0x0000000696049180, 0x0000000696100000| 28%| S|CS|TAMS 0x0000000696000000, 0x0000000696000000| Complete 
| 345|0x0000000696100000, 0x0000000696100000, 0x0000000696200000|  0%| F|  |TAMS 0x0000000696100000, 0x0000000696100000| Untracked 
| 346|0x0000000696200000, 0x0000000696200000, 0x0000000696300000|  0%| F|  |TAMS 0x0000000696200000, 0x0000000696200000| Untracked 
| 347|0x0000000696300000, 0x0000000696400000, 0x0000000696400000|100%| S|CS|TAMS 0x0000000696300000, 0x0000000696300000| Complete 
| 348|0x0000000696400000, 0x0000000696500000, 0x0000000696500000|100%| S|CS|TAMS 0x0000000696400000, 0x0000000696400000| Complete 
| 349|0x0000000696500000, 0x0000000696600000, 0x0000000696600000|100%| S|CS|TAMS 0x0000000696500000, 0x0000000696500000| Complete 
| 350|0x0000000696600000, 0x0000000696700000, 0x0000000696700000|100%| S|CS|TAMS 0x0000000696600000, 0x0000000696600000| Complete 
| 351|0x0000000696700000, 0x0000000696800000, 0x0000000696800000|100%| S|CS|TAMS 0x0000000696700000, 0x0000000696700000| Complete 
| 352|0x0000000696800000, 0x0000000696900000, 0x0000000696900000|100%| S|CS|TAMS 0x0000000696800000, 0x0000000696800000| Complete 
| 353|0x0000000696900000, 0x0000000696900000, 0x0000000696a00000|  0%| F|  |TAMS 0x0000000696900000, 0x0000000696900000| Untracked 
| 354|0x0000000696a00000, 0x0000000696a00000, 0x0000000696b00000|  0%| F|  |TAMS 0x0000000696a00000, 0x0000000696a00000| Untracked 
| 355|0x0000000696b00000, 0x0000000696b00000, 0x0000000696c00000|  0%| F|  |TAMS 0x0000000696b00000, 0x0000000696b00000| Untracked 
| 356|0x0000000696c00000, 0x0000000696c00000, 0x0000000696d00000|  0%| F|  |TAMS 0x0000000696c00000, 0x0000000696c00000| Untracked 
| 357|0x0000000696d00000, 0x0000000696d00000, 0x0000000696e00000|  0%| F|  |TAMS 0x0000000696d00000, 0x0000000696d00000| Untracked 
| 358|0x0000000696e00000, 0x0000000696e00000, 0x0000000696f00000|  0%| F|  |TAMS 0x0000000696e00000, 0x0000000696e00000| Untracked 
| 359|0x0000000696f00000, 0x0000000696f00000, 0x0000000697000000|  0%| F|  |TAMS 0x0000000696f00000, 0x0000000696f00000| Untracked 
| 360|0x0000000697000000, 0x0000000697000000, 0x0000000697100000|  0%| F|  |TAMS 0x0000000697000000, 0x0000000697000000| Untracked 
| 361|0x0000000697100000, 0x0000000697100000, 0x0000000697200000|  0%| F|  |TAMS 0x0000000697100000, 0x0000000697100000| Untracked 
| 362|0x0000000697200000, 0x0000000697200000, 0x0000000697300000|  0%| F|  |TAMS 0x0000000697200000, 0x0000000697200000| Untracked 
| 363|0x0000000697300000, 0x0000000697300000, 0x0000000697400000|  0%| F|  |TAMS 0x0000000697300000, 0x0000000697300000| Untracked 
| 364|0x0000000697400000, 0x0000000697400000, 0x0000000697500000|  0%| F|  |TAMS 0x0000000697400000, 0x0000000697400000| Untracked 
| 365|0x0000000697500000, 0x0000000697500000, 0x0000000697600000|  0%| F|  |TAMS 0x0000000697500000, 0x0000000697500000| Untracked 
| 366|0x0000000697600000, 0x0000000697600000, 0x0000000697700000|  0%| F|  |TAMS 0x0000000697600000, 0x0000000697600000| Untracked 
| 367|0x0000000697700000, 0x0000000697700000, 0x0000000697800000|  0%| F|  |TAMS 0x0000000697700000, 0x0000000697700000| Untracked 
| 368|0x0000000697800000, 0x0000000697800000, 0x0000000697900000|  0%| F|  |TAMS 0x0000000697800000, 0x0000000697800000| Untracked 
| 369|0x0000000697900000, 0x0000000697900000, 0x0000000697a00000|  0%| F|  |TAMS 0x0000000697900000, 0x0000000697900000| Untracked 
| 370|0x0000000697a00000, 0x0000000697a00000, 0x0000000697b00000|  0%| F|  |TAMS 0x0000000697a00000, 0x0000000697a00000| Untracked 
| 371|0x0000000697b00000, 0x0000000697b80800, 0x0000000697c00000| 50%| E|  |TAMS 0x0000000697b00000, 0x0000000697b00000| Complete 
| 372|0x0000000697c00000, 0x0000000697d00000, 0x0000000697d00000|100%| E|CS|TAMS 0x0000000697c00000, 0x0000000697c00000| Complete 
| 373|0x0000000697d00000, 0x0000000697e00000, 0x0000000697e00000|100%| E|CS|TAMS 0x0000000697d00000, 0x0000000697d00000| Complete 
| 374|0x0000000697e00000, 0x0000000697f00000, 0x0000000697f00000|100%| E|CS|TAMS 0x0000000697e00000, 0x0000000697e00000| Complete 
| 375|0x0000000697f00000, 0x0000000698000000, 0x0000000698000000|100%| E|CS|TAMS 0x0000000697f00000, 0x0000000697f00000| Complete 
| 376|0x0000000698000000, 0x0000000698100000, 0x0000000698100000|100%| E|CS|TAMS 0x0000000698000000, 0x0000000698000000| Complete 
| 377|0x0000000698100000, 0x0000000698200000, 0x0000000698200000|100%| E|CS|TAMS 0x0000000698100000, 0x0000000698100000| Complete 
| 378|0x0000000698200000, 0x0000000698300000, 0x0000000698300000|100%| E|CS|TAMS 0x0000000698200000, 0x0000000698200000| Complete 
| 379|0x0000000698300000, 0x0000000698400000, 0x0000000698400000|100%| E|CS|TAMS 0x0000000698300000, 0x0000000698300000| Complete 
| 380|0x0000000698400000, 0x0000000698500000, 0x0000000698500000|100%| E|CS|TAMS 0x0000000698400000, 0x0000000698400000| Complete 
| 381|0x0000000698500000, 0x0000000698600000, 0x0000000698600000|100%| E|CS|TAMS 0x0000000698500000, 0x0000000698500000| Complete 
| 382|0x0000000698600000, 0x0000000698700000, 0x0000000698700000|100%| E|CS|TAMS 0x0000000698600000, 0x0000000698600000| Complete 
| 383|0x0000000698700000, 0x0000000698800000, 0x0000000698800000|100%| E|CS|TAMS 0x0000000698700000, 0x0000000698700000| Complete 

Card table byte_map: [0x00000198da710000,0x00000198db310000] _byte_map_base: 0x00000198d730c000

Marking Bits (Prev, Next): (CMBitMap*) 0x00000198c1df31e8, (CMBitMap*) 0x00000198c1df3220
 Prev Bits: [0x00000198dbf10000, 0x00000198e1ef0000)
 Next Bits: [0x00000198e1ef0000, 0x00000198e7ed0000)

Polling page: 0x00000198c0570000

Metaspace:

Usage:
  Non-class:     31.02 MB capacity,    30.34 MB ( 98%) used,   565.76 KB (  2%) free+waste,   139.06 KB ( <1%) overhead. 
      Class:      4.76 MB capacity,     4.29 MB ( 90%) used,   414.89 KB (  9%) free+waste,    66.50 KB (  1%) overhead. 
       Both:     35.78 MB capacity,    34.62 MB ( 97%) used,   980.65 KB (  3%) free+waste,   205.56 KB ( <1%) overhead. 

Virtual space:
  Non-class space:       32.00 MB reserved,      31.08 MB ( 97%) committed 
      Class space:        1.00 GB reserved,       4.88 MB ( <1%) committed 
             Both:        1.03 GB reserved,      35.95 MB (  3%) committed 

Chunk freelists:
   Non-Class:  2.88 KB
       Class:  3.25 KB
        Both:  6.13 KB

CodeHeap 'non-profiled nmethods': size=120000Kb used=2051Kb max_used=2051Kb free=117949Kb
 bounds [0x00000198d1b70000, 0x00000198d1de0000, 0x00000198d90a0000]
CodeHeap 'profiled nmethods': size=120000Kb used=9301Kb max_used=9301Kb free=110698Kb
 bounds [0x00000198ca640000, 0x00000198caf60000, 0x00000198d1b70000]
CodeHeap 'non-nmethods': size=5760Kb used=1500Kb max_used=1567Kb free=4259Kb
 bounds [0x00000198ca0a0000, 0x00000198ca310000, 0x00000198ca640000]
 total_blobs=5945 nmethods=4296 adapters=787
 compilation: enabled
              stopped_count=0, restarted_count=0
 full_count=0

Compilation events (10 events):
Event: 10.363 Thread 0x00000198eb446000 nmethod 3869 0x00000198cae5eb10 code [0x00000198cae5ed80, 0x00000198cae5f9f0]
Event: 10.363 Thread 0x00000198eb446000 3872       3       com.sun.javafx.binding.ExpressionHelper$Generic::addListener (172 bytes)
Event: 10.363 Thread 0x00000198f81af000 nmethod 3624 0x00000198d1d49090 code [0x00000198d1d49220, 0x00000198d1d492a8]
Event: 10.363 Thread 0x00000198f81af000 3607       4       javafx.scene.CssStyleHelper::handleNoStyleFound (88 bytes)
Event: 10.363 Thread 0x00000198eb446000 nmethod 3872 0x00000198cae5fd10 code [0x00000198cae5ff80, 0x00000198cae60e20]
Event: 10.363 Thread 0x00000198eb446000 3864       3       javafx.scene.Node::disabledProperty (8 bytes)
Event: 10.364 Thread 0x00000198eb446000 nmethod 3864 0x00000198cae61190 code [0x00000198cae613c0, 0x00000198cae61d30]
Event: 10.364 Thread 0x00000198eb446000 3874   !   3       com.sun.javafx.text.PrismTextLayout::layout (1635 bytes)
Event: 10.364 Thread 0x00000198f81af000 nmethod 3607 0x00000198d1d49390 code [0x00000198d1d49520, 0x00000198d1d49618]
Event: 10.364 Thread 0x00000198f81af000 3876       4       com.sun.javafx.css.BitSet::clear (84 bytes)

GC Heap History (8 events):
Event: 1.047 GC heap before
{Heap before GC invocations=0 (full 0):
 garbage-first heap   total 393216K, used 23552K [0x0000000680800000, 0x0000000800000000)
  region size 1024K, 24 young (24576K), 0 survivors (0K)
 Metaspace       used 10825K, capacity 11157K, committed 11264K, reserved 1058816K
  class space    used 1057K, capacity 1193K, committed 1280K, reserved 1048576K
}
Event: 1.050 GC heap after
{Heap after GC invocations=1 (full 0):
 garbage-first heap   total 393216K, used 4886K [0x0000000680800000, 0x0000000800000000)
  region size 1024K, 3 young (3072K), 3 survivors (3072K)
 Metaspace       used 10825K, capacity 11157K, committed 11264K, reserved 1058816K
  class space    used 1057K, capacity 1193K, committed 1280K, reserved 1048576K
}
Event: 2.577 GC heap before
{Heap before GC invocations=1 (full 0):
 garbage-first heap   total 393216K, used 31510K [0x0000000680800000, 0x0000000800000000)
  region size 1024K, 30 young (30720K), 3 survivors (3072K)
 Metaspace       used 20698K, capacity 21167K, committed 21296K, reserved 1069056K
  class space    used 2200K, capacity 2402K, committed 2432K, reserved 1048576K
}
Event: 2.584 GC heap after
{Heap after GC invocations=2 (full 0):
 garbage-first heap   total 393216K, used 8650K [0x0000000680800000, 0x0000000800000000)
  region size 1024K, 7 young (7168K), 7 survivors (7168K)
 Metaspace       used 20698K, capacity 21167K, committed 21296K, reserved 1069056K
  class space    used 2200K, capacity 2402K, committed 2432K, reserved 1048576K
}
Event: 3.071 GC heap before
{Heap before GC invocations=3 (full 0):
 garbage-first heap   total 393216K, used 36298K [0x0000000680800000, 0x0000000800000000)
  region size 1024K, 35 young (35840K), 7 survivors (7168K)
 Metaspace       used 27914K, capacity 28577K, committed 28720K, reserved 1075200K
  class space    used 3329K, capacity 3598K, committed 3712K, reserved 1048576K
}
Event: 3.077 GC heap after
{Heap after GC invocations=4 (full 0):
 garbage-first heap   total 393216K, used 11455K [0x0000000680800000, 0x0000000800000000)
  region size 1024K, 4 young (4096K), 4 survivors (4096K)
 Metaspace       used 27914K, capacity 28577K, committed 28720K, reserved 1075200K
  class space    used 3329K, capacity 3598K, committed 3712K, reserved 1048576K
}
Event: 10.204 GC heap before
{Heap before GC invocations=4 (full 0):
 garbage-first heap   total 393216K, used 42175K [0x0000000680800000, 0x0000000800000000)
  region size 1024K, 33 young (33792K), 4 survivors (4096K)
 Metaspace       used 34662K, capacity 35787K, committed 35920K, reserved 1081344K
  class space    used 4332K, capacity 4800K, committed 4864K, reserved 1048576K
}
Event: 10.212 GC heap after
{Heap after GC invocations=5 (full 0):
 garbage-first heap   total 393216K, used 16730K [0x0000000680800000, 0x0000000800000000)
  region size 1024K, 7 young (7168K), 7 survivors (7168K)
 Metaspace       used 34662K, capacity 35787K, committed 35920K, reserved 1081344K
  class space    used 4332K, capacity 4800K, committed 4864K, reserved 1048576K
}

Deoptimization events (10 events):
Event: 8.578 Thread 0x00000198ed5ce800 Uncommon trap: reason=unstable_if action=reinterpret pc=0x00000198d1c1ede0 method=java.util.HashMap$HashIterator.<init>(Ljava/util/HashMap;)V @ 45 c2
Event: 8.605 Thread 0x00000198ed5ce800 Uncommon trap: reason=unstable_if action=reinterpret pc=0x00000198d1cc68f8 method=javafx.scene.Node.updateLocalToParentTransform()V @ 4 c2
Event: 8.608 Thread 0x00000198ed5ce800 Uncommon trap: reason=class_check action=maybe_recompile pc=0x00000198d1c05e10 method=java.util.regex.Pattern$BmpCharProperty.match(Ljava/util/regex/Matcher;ILjava/lang/CharSequence;)Z @ 19 c2
Event: 8.613 Thread 0x00000198ed5ce800 Uncommon trap: reason=bimorphic_or_optimized_type_check action=maybe_recompile pc=0x00000198d1c4df78 method=java.io.DataInputStream.readFully([BII)V @ 34 c2
Event: 8.614 Thread 0x00000198ed5ce800 Uncommon trap: reason=unstable_if action=reinterpret pc=0x00000198d1c2308c method=java.io.ByteArrayInputStream.read()I @ 8 c2
Event: 10.176 Thread 0x00000198ed5ce800 Uncommon trap: reason=array_check action=maybe_recompile pc=0x00000198d1d25d98 method=javafx.css.SimpleSelector.applies(Ljavafx/css/Styleable;[Ljava/util/Set;I)Z @ 37 c2
Event: 10.176 Thread 0x00000198ed5ce800 Uncommon trap: reason=array_check action=maybe_recompile pc=0x00000198d1d25d98 method=javafx.css.SimpleSelector.applies(Ljavafx/css/Styleable;[Ljava/util/Set;I)Z @ 37 c2
Event: 10.176 Thread 0x00000198ed5ce800 Uncommon trap: reason=array_check action=maybe_recompile pc=0x00000198d1d25d98 method=javafx.css.SimpleSelector.applies(Ljavafx/css/Styleable;[Ljava/util/Set;I)Z @ 37 c2
Event: 10.176 Thread 0x00000198ed5ce800 Uncommon trap: reason=array_check action=maybe_recompile pc=0x00000198d1d25d98 method=javafx.css.SimpleSelector.applies(Ljavafx/css/Styleable;[Ljava/util/Set;I)Z @ 37 c2
Event: 10.236 Thread 0x00000198ed5ce800 Uncommon trap: reason=unstable_if action=reinterpret pc=0x00000198d1cf2750 method=com.sun.javafx.css.BitSet.add(Ljava/lang/Object;)Z @ 91 c2

Classes redefined (0 events):
No events

Internal exceptions (10 events):
Event: 3.008 Thread 0x00000198ed5ce800 Exception <a 'java/lang/NoSuchMethodError'{0x0000000696e3d1c8}: java.lang.invoke.DirectMethodHandle$Holder.invokeInterface(Ljava/lang/Object;Ljava/lang/Object;Ljava/lang/Object;)Ljava/lang/Object;> (0x0000000696e3d1c8) thrown at [t:/workspace/open/src/hot
Event: 3.009 Thread 0x00000198ed5ce800 Exception <a 'java/lang/IncompatibleClassChangeError'{0x0000000696e40150}: Found class java.lang.Object, but interface was expected> (0x0000000696e40150) thrown at [t:/workspace/open/src/hotspot/share/interpreter/linkResolver.cpp, line 856]
Event: 3.058 Thread 0x00000198ed5ce800 Exception <a 'java/lang/ClassNotFoundException'{0x0000000696c78768}: com/sun/javafx/scene/control/skin/resources/controls> (0x0000000696c78768) thrown at [t:/workspace/open/src/hotspot/share/prims/jni.cpp, line 636]
Event: 3.059 Thread 0x00000198ed5ce800 Exception <a 'java/lang/ClassNotFoundException'{0x0000000696c86ac0}: com/sun/javafx/scene/control/skin/resources/controls_en> (0x0000000696c86ac0) thrown at [t:/workspace/open/src/hotspot/share/prims/jni.cpp, line 636]
Event: 3.059 Thread 0x00000198ed5ce800 Exception <a 'java/lang/ClassNotFoundException'{0x0000000696c89848}: com/sun/javafx/scene/control/skin/resources/controls_en_US> (0x0000000696c89848) thrown at [t:/workspace/open/src/hotspot/share/prims/jni.cpp, line 636]
Event: 3.115 Thread 0x00000198ed5ce800 Exception <a 'java/lang/NoSuchMethodError'{0x00000006986a3278}: java.lang.invoke.DirectMethodHandle$Holder.invokeSpecial(Ljava/lang/Object;Ljava/lang/Object;Ljava/lang/Object;Ljava/lang/Object;Ljava/lang/Object;Ljava/lang/Object;)V> (0x00000006986a3278) t
Event: 3.244 Thread 0x00000198ed5ce800 Exception <a 'java/lang/NoSuchMethodError'{0x00000006981e4eb8}: java.lang.invoke.DirectMethodHandle$Holder.invokeStaticInit(Ljava/lang/Object;Ljava/lang/Object;Ljava/lang/Object;)J> (0x00000006981e4eb8) thrown at [t:/workspace/open/src/hotspot/share/inter
Event: 3.247 Thread 0x00000198ed5ce800 Exception <a 'java/lang/NoSuchMethodError'{0x00000006981fd3b8}: java.lang.invoke.DirectMethodHandle$Holder.invokeStatic(Ljava/lang/Object;Ljava/lang/Object;J)Ljava/lang/Object;> (0x00000006981fd3b8) thrown at [t:/workspace/open/src/hotspot/share/interpret
Event: 3.247 Thread 0x00000198ed5ce800 Exception <a 'java/lang/NoSuchMethodError'{0x0000000697f03cd8}: java.lang.invoke.Invokers$Holder.linkToTargetMethod(Ljava/lang/Object;JLjava/lang/Object;)Ljava/lang/Object;> (0x0000000697f03cd8) thrown at [t:/workspace/open/src/hotspot/share/interpreter/l
Event: 8.576 Thread 0x00000198ed5ce800 Exception <a 'java/lang/NoSuchMethodError'{0x000000069774b450}: java.lang.invoke.DirectMethodHandle$Holder.invokeSpecial(Ljava/lang/Object;Ljava/lang/Object;Ljava/lang/Object;Ljava/lang/Object;Ljava/lang/Object;)I> (0x000000069774b450) thrown at [t:/works

Events (10 events):
Event: 10.257 loading class javafx/beans/Observable
Event: 10.257 loading class javafx/beans/Observable done
Event: 10.257 loading class javafx/beans/Observable
Event: 10.257 loading class javafx/beans/Observable done
Event: 10.257 loading class javafx/scene/control/skin/TableCellSkinBase
Event: 10.257 loading class javafx/scene/control/skin/TableCellSkinBase done
Event: 10.364 Thread 0x00000198ed5ce800 DEOPT PACKING pc=0x00000198cac51796 sp=0x00000082ddff8fe0
Event: 10.364 Thread 0x00000198ed5ce800 DEOPT UNPACKING pc=0x00000198ca0dd6ce sp=0x00000082ddff84c8 mode 0
Event: 10.367 Thread 0x00000198ed5ce800 DEOPT PACKING pc=0x00000198cac51796 sp=0x00000082ddff8ee0
Event: 10.367 Thread 0x00000198ed5ce800 DEOPT UNPACKING pc=0x00000198ca0dd6ce sp=0x00000082ddff83c8 mode 0


Dynamic libraries:
0x00007ff624d00000 - 0x00007ff624d47000 	C:\Program Files\Java\jdk-11.0.1\bin\java.exe
0x00007fffe5130000 - 0x00007fffe5325000 	C:\WINDOWS\SYSTEM32\ntdll.dll
0x00007fffe4210000 - 0x00007fffe42cd000 	C:\WINDOWS\System32\KERNEL32.DLL
0x00007fffe2870000 - 0x00007fffe2b38000 	C:\WINDOWS\System32\KERNELBASE.dll
0x00007fffe4f10000 - 0x00007fffe4fbc000 	C:\WINDOWS\System32\ADVAPI32.dll
0x00007fffe45e0000 - 0x00007fffe467e000 	C:\WINDOWS\System32\msvcrt.dll
0x00007fffe5020000 - 0x00007fffe50bb000 	C:\WINDOWS\System32\sechost.dll
0x00007fffe4380000 - 0x00007fffe44ab000 	C:\Users\weema\IdeaProjects\Travis_Stanford_software2_c195_project\lib\javafx-sdk-11.0.2\bin\api-ms-win-crt-private-l1-1-0.dll
0x00007fffe4a40000 - 0x00007fffe4be0000 	C:\WINDOWS\System32\USER32.dll
0x00007fffe3030000 - 0x00007fffe3052000 	C:\WINDOWS\System32\win32u.dll
0x00007fffe3160000 - 0x00007fffe318a000 	C:\WINDOWS\System32\GDI32.dll
0x00007fffe2d50000 - 0x00007fffe2e5b000 	C:\WINDOWS\System32\gdi32full.dll
0x00007fffe2ee0000 - 0x00007fffe2f7d000 	C:\WINDOWS\System32\msvcp_win.dll
0x00007fffe3060000 - 0x00007fffe3160000 	C:\Users\weema\IdeaProjects\Travis_Stanford_software2_c195_project\lib\javafx-sdk-11.0.2\bin\api-ms-win-crt-process-l1-1-0.dll
0x00007fffdb4f0000 - 0x00007fffdb4fa000 	C:\WINDOWS\SYSTEM32\VERSION.dll
0x00007fffd5de0000 - 0x00007fffd607a000 	C:\WINDOWS\WinSxS\amd64_microsoft.windows.common-controls_6595b64144ccf1df_6.0.19041.844_none_ca00b6081b84eb1d\COMCTL32.dll
0x00007fffe4ee0000 - 0x00007fffe4f10000 	C:\WINDOWS\System32\IMM32.DLL
0x00007fffdf7e0000 - 0x00007fffdf7f6000 	C:\Program Files\Java\jdk-11.0.1\bin\vcruntime140.dll
0x00007fffd8050000 - 0x00007fffd80fa000 	C:\Program Files\Java\jdk-11.0.1\bin\msvcp140.dll
0x00007fffa87f0000 - 0x00007fffa9332000 	C:\Program Files\Java\jdk-11.0.1\bin\server\jvm.dll
0x00007fffe49d0000 - 0x00007fffe49d8000 	C:\WINDOWS\System32\PSAPI.DLL
0x00007fffd2490000 - 0x00007fffd2499000 	C:\WINDOWS\SYSTEM32\WSOCK32.dll
0x00007fffd7cd0000 - 0x00007fffd7cf7000 	C:\WINDOWS\SYSTEM32\WINMM.dll
0x00007fffe46e0000 - 0x00007fffe474b000 	C:\WINDOWS\System32\WS2_32.dll
0x00007fffe07b0000 - 0x00007fffe07c2000 	C:\WINDOWS\SYSTEM32\kernel.appcore.dll
0x00007fffdf7c0000 - 0x00007fffdf7d1000 	C:\Program Files\Java\jdk-11.0.1\bin\verify.dll
0x00007fffcca90000 - 0x00007fffccc74000 	C:\Users\weema\IdeaProjects\Travis_Stanford_software2_c195_project\lib\javafx-sdk-11.0.2\bin\api-ms-win-crt-string-l1-1-0.dll
0x00007fffcbb30000 - 0x00007fffcbb5c000 	C:\WINDOWS\SYSTEM32\dbgcore.DLL
0x00007fffe2e60000 - 0x00007fffe2ee0000 	C:\WINDOWS\System32\bcryptPrimitives.dll
0x00007fffdf790000 - 0x00007fffdf7b9000 	C:\Users\weema\IdeaProjects\Travis_Stanford_software2_c195_project\lib\javafx-sdk-11.0.2\bin\api-ms-win-crt-time-l1-1-0.dll
0x00007fffd6b50000 - 0x00007fffd6b87000 	C:\Program Files\Java\jdk-11.0.1\bin\jdwp.dll
0x00007fffd4660000 - 0x00007fffd468f000 	C:\Program Files\Java\jdk-11.0.1\bin\instrument.dll
0x00007fffdf770000 - 0x00007fffdf786000 	C:\Program Files\Java\jdk-11.0.1\bin\zip.dll
0x00007fffdf760000 - 0x00007fffdf76a000 	C:\Program Files\Java\jdk-11.0.1\bin\jimage.dll
0x00007fffe3190000 - 0x00007fffe38d2000 	C:\WINDOWS\System32\SHELL32.dll
0x00007fffe09b0000 - 0x00007fffe1140000 	C:\Users\weema\IdeaProjects\Travis_Stanford_software2_c195_project\lib\javafx-sdk-11.0.2\bin\ucrtbase.dll
0x00007fffe3de0000 - 0x00007fffe4135000 	C:\WINDOWS\System32\combase.dll
0x00007fffe22b0000 - 0x00007fffe22dc000 	C:\WINDOWS\SYSTEM32\Wldp.dll
0x00007fffe4920000 - 0x00007fffe49ce000 	C:\WINDOWS\System32\SHCORE.dll
0x00007fffe4fc0000 - 0x00007fffe5015000 	C:\WINDOWS\System32\shlwapi.dll
0x00007fffe2780000 - 0x00007fffe279f000 	C:\WINDOWS\SYSTEM32\profapi.dll
0x00007fffdf740000 - 0x00007fffdf759000 	C:\Program Files\Java\jdk-11.0.1\bin\net.dll
0x00007fffdc990000 - 0x00007fffdca9b000 	C:\WINDOWS\SYSTEM32\WINHTTP.dll
0x00007fffe2020000 - 0x00007fffe208a000 	C:\Users\weema\IdeaProjects\Travis_Stanford_software2_c195_project\lib\javafx-sdk-11.0.2\bin\concrt140.dll
0x00007fffde580000 - 0x00007fffde593000 	C:\Program Files\Java\jdk-11.0.1\bin\nio.dll
0x00007fffde510000 - 0x00007fffde51a000 	C:\Program Files\Java\jdk-11.0.1\bin\dt_socket.dll
0x00000198ee440000 - 0x00000198ee443000 	C:\Users\weema\IdeaProjects\Travis_Stanford_software2_c195_project\lib\javafx-sdk-11.0.2\bin\api-ms-win-core-console-l1-1-0.dll
0x00000198ee450000 - 0x00000198ee453000 	C:\Users\weema\IdeaProjects\Travis_Stanford_software2_c195_project\lib\javafx-sdk-11.0.2\bin\api-ms-win-core-datetime-l1-1-0.dll
0x00000198ee460000 - 0x00000198ee463000 	C:\Users\weema\IdeaProjects\Travis_Stanford_software2_c195_project\lib\javafx-sdk-11.0.2\bin\api-ms-win-core-debug-l1-1-0.dll
0x00000198ee470000 - 0x00000198ee473000 	C:\Users\weema\IdeaProjects\Travis_Stanford_software2_c195_project\lib\javafx-sdk-11.0.2\bin\api-ms-win-core-errorhandling-l1-1-0.dll
0x00000198ee480000 - 0x00000198ee484000 	C:\Users\weema\IdeaProjects\Travis_Stanford_software2_c195_project\lib\javafx-sdk-11.0.2\bin\api-ms-win-core-file-l1-1-0.dll
0x00000198ee490000 - 0x00000198ee493000 	C:\Users\weema\IdeaProjects\Travis_Stanford_software2_c195_project\lib\javafx-sdk-11.0.2\bin\api-ms-win-core-file-l1-2-0.dll
0x00000198ee4a0000 - 0x00000198ee4a3000 	C:\Users\weema\IdeaProjects\Travis_Stanford_software2_c195_project\lib\javafx-sdk-11.0.2\bin\api-ms-win-core-file-l2-1-0.dll
0x00000198ee4b0000 - 0x00000198ee4b3000 	C:\WINDOWS\System32\KERNELBASE.dll
0x00000198ee4c0000 - 0x00000198ee4c3000 	C:\WINDOWS\System32\RPCRT4.dll
0x00000198ee4d0000 - 0x00000198ee4d3000 	C:\WINDOWS\System32\ucrtbase.dll
0x00000198ee4e0000 - 0x00000198ee4e3000 	C:\Program Files\Java\jdk-11.0.1\bin\vcruntime140.dll
0x00000198ee4f0000 - 0x00000198ee4f3000 	C:\WINDOWS\SYSTEM32\WSOCK32.dll
0x00000198edf90000 - 0x00000198edf93000 	C:\WINDOWS\SYSTEM32\kernel.appcore.dll
0x00000198edfa0000 - 0x00000198edfa3000 	C:\WINDOWS\SYSTEM32\dbgcore.DLL
0x00000198edfb0000 - 0x00000198edfb3000 	C:\Program Files\Java\jdk-11.0.1\bin\java.dll
0x00000198edfc0000 - 0x00000198edfc3000 	C:\Program Files\Java\jdk-11.0.1\bin\instrument.dll
0x00000198edfd0000 - 0x00000198edfd3000 	C:\Program Files\Java\jdk-11.0.1\bin\jimage.dll
0x00000198edfe0000 - 0x00000198edfe3000 	C:\Users\weema\IdeaProjects\Travis_Stanford_software2_c195_project\lib\javafx-sdk-11.0.2\bin\api-ms-win-core-profile-l1-1-0.dll
0x00000198edff0000 - 0x00000198edff3000 	C:\WINDOWS\System32\combase.dll
0x00000198ee000000 - 0x00000198ee003000 	C:\WINDOWS\System32\SHCORE.dll
0x00000198ee010000 - 0x00000198ee013000 	C:\WINDOWS\SYSTEM32\profapi.dll
0x00000198ee020000 - 0x00000198ee023000 	C:\Users\weema\IdeaProjects\Travis_Stanford_software2_c195_project\lib\javafx-sdk-11.0.2\bin\api-ms-win-core-synch-l1-2-0.dll
0x00000198ee030000 - 0x00000198ee033000 	C:\WINDOWS\system32\mswsock.dll
0x00000198ee040000 - 0x00000198ee043000 	C:\Program Files\Java\jdk-11.0.1\bin\dt_socket.dll
0x00000198ee050000 - 0x00000198ee053000 	C:\Users\weema\IdeaProjects\Travis_Stanford_software2_c195_project\lib\javafx-sdk-11.0.2\bin\api-ms-win-core-console-l1-1-0.dll
0x00000198ee060000 - 0x00000198ee063000 	C:\Users\weema\IdeaProjects\Travis_Stanford_software2_c195_project\lib\javafx-sdk-11.0.2\bin\api-ms-win-core-debug-l1-1-0.dll
0x00000198ee070000 - 0x00000198ee074000 	C:\Users\weema\IdeaProjects\Travis_Stanford_software2_c195_project\lib\javafx-sdk-11.0.2\bin\api-ms-win-core-errorhandling-l1-1-0.dll
0x00000198ee080000 - 0x00000198ee083000 	C:\Users\weema\IdeaProjects\Travis_Stanford_software2_c195_project\lib\javafx-sdk-11.0.2\bin\api-ms-win-core-file-l1-2-0.dll
0x00000198ee090000 - 0x00000198ee093000 	C:\Users\weema\IdeaProjects\Travis_Stanford_software2_c195_project\lib\javafx-sdk-11.0.2\bin\api-ms-win-crt-filesystem-l1-1-0.dll
0x00000198ee0a0000 - 0x00000198ee0a3000 	C:\Users\weema\IdeaProjects\Travis_Stanford_software2_c195_project\lib\javafx-sdk-11.0.2\bin\api-ms-win-core-heap-l1-1-0.dll
0x00000198ee0b0000 - 0x00000198ee0b3000 	C:\Users\weema\IdeaProjects\Travis_Stanford_software2_c195_project\lib\javafx-sdk-11.0.2\bin\api-ms-win-crt-locale-l1-1-0.dll
0x00000198ee0c0000 - 0x00000198ee0c5000 	C:\Users\weema\IdeaProjects\Travis_Stanford_software2_c195_project\lib\javafx-sdk-11.0.2\bin\api-ms-win-core-libraryloader-l1-1-0.dll
0x00000198ee0d0000 - 0x00000198ee0d5000 	C:\Users\weema\IdeaProjects\Travis_Stanford_software2_c195_project\lib\javafx-sdk-11.0.2\bin\api-ms-win-crt-multibyte-l1-1-0.dll
0x00000198ee0e0000 - 0x00000198ee0f0000 	C:\Users\weema\IdeaProjects\Travis_Stanford_software2_c195_project\lib\javafx-sdk-11.0.2\bin\api-ms-win-crt-private-l1-1-0.dll
0x00000198ee0f0000 - 0x00000198ee0f3000 	C:\Users\weema\IdeaProjects\Travis_Stanford_software2_c195_project\lib\javafx-sdk-11.0.2\bin\api-ms-win-crt-process-l1-1-0.dll
0x00000198ee100000 - 0x00000198ee104000 	C:\Users\weema\IdeaProjects\Travis_Stanford_software2_c195_project\lib\javafx-sdk-11.0.2\bin\api-ms-win-crt-runtime-l1-1-0.dll
0x00000198ee110000 - 0x00000198ee114000 	C:\Users\weema\IdeaProjects\Travis_Stanford_software2_c195_project\lib\javafx-sdk-11.0.2\bin\api-ms-win-core-processthreads-l1-1-1.dll
0x00000198ee120000 - 0x00000198ee124000 	C:\Users\weema\IdeaProjects\Travis_Stanford_software2_c195_project\lib\javafx-sdk-11.0.2\bin\api-ms-win-core-profile-l1-1-0.dll
0x00000198ee130000 - 0x00000198ee133000 	C:\Users\weema\IdeaProjects\Travis_Stanford_software2_c195_project\lib\javafx-sdk-11.0.2\bin\api-ms-win-crt-time-l1-1-0.dll
0x00000198ee140000 - 0x00000198ee143000 	C:\Users\weema\IdeaProjects\Travis_Stanford_software2_c195_project\lib\javafx-sdk-11.0.2\bin\api-ms-win-core-synch-l1-1-0.dll
0x00007fffc88f0000 - 0x00007fffc89ea000 	C:\Users\weema\IdeaProjects\Travis_Stanford_software2_c195_project\lib\javafx-sdk-11.0.2\bin\api-ms-win-core-synch-l1-2-0.dll
0x00007fffd7830000 - 0x00007fffd7846000 	C:\Users\weema\IdeaProjects\Travis_Stanford_software2_c195_project\lib\javafx-sdk-11.0.2\bin\vcruntime140.dll
0x00007fffcc370000 - 0x00007fffcc416000 	C:\Users\weema\IdeaProjects\Travis_Stanford_software2_c195_project\lib\javafx-sdk-11.0.2\bin\api-ms-win-core-util-l1-1-0.dll
0x00007fffd2900000 - 0x00007fffd2951000 	C:\Users\weema\IdeaProjects\Travis_Stanford_software2_c195_project\lib\javafx-sdk-11.0.2\bin\api-ms-win-crt-conio-l1-1-0.dll
0x00007fffd28d0000 - 0x00007fffd28f3000 	C:\Users\weema\IdeaProjects\Travis_Stanford_software2_c195_project\lib\javafx-sdk-11.0.2\bin\prism_d3d.dll
0x00007fffd75d0000 - 0x00007fffd779e000 	C:\Users\weema\IdeaProjects\Travis_Stanford_software2_c195_project\lib\javafx-sdk-11.0.2\bin\api-ms-win-crt-filesystem-l1-1-0.dll
0x00007fffe05d0000 - 0x00007fffe05ff000 	C:\Users\weema\IdeaProjects\Travis_Stanford_software2_c195_project\lib\javafx-sdk-11.0.2\bin\api-ms-win-crt-heap-l1-1-0.dll
0x00007fffe02f0000 - 0x00007fffe038e000 	C:\Users\weema\IdeaProjects\Travis_Stanford_software2_c195_project\lib\javafx-sdk-11.0.2\bin\api-ms-win-crt-locale-l1-1-0.dll
0x00007fffd8300000 - 0x00007fffd8405000 	C:\WINDOWS\System32\DriverStore\FileRepository\nv_dispi.inf_amd64_d71d3f5ea7618cbb\nvldumdx.dll
0x00007fffe2430000 - 0x00007fffe2442000 	C:\WINDOWS\SYSTEM32\msasn1.dll
0x00007fffdb420000 - 0x00007fffdb451000 	C:\Users\weema\IdeaProjects\Travis_Stanford_software2_c195_project\lib\javafx-sdk-11.0.2\bin\api-ms-win-crt-process-l1-1-0.dll
0x00007fffe2bf0000 - 0x00007fffe2d4f000 	C:\Users\weema\IdeaProjects\Travis_Stanford_software2_c195_project\lib\javafx-sdk-11.0.2\bin\api-ms-win-crt-runtime-l1-1-0.dll
0x00007fffe21f0000 - 0x00007fffe21fc000 	C:\WINDOWS\SYSTEM32\cryptbase.dll
0x00007fffe2b40000 - 0x00007fffe2ba0000 	C:\Users\weema\IdeaProjects\Travis_Stanford_software2_c195_project\lib\javafx-sdk-11.0.2\bin\api-ms-win-crt-time-l1-1-0.dll
0x00007fffe4d10000 - 0x00007fffe4d2d000 	C:\Users\weema\IdeaProjects\Travis_Stanford_software2_c195_project\lib\javafx-sdk-11.0.2\bin\api-ms-win-crt-utility-l1-1-0.dll
0x00007fffe2200000 - 0x00007fffe2218000 	C:\Users\weema\IdeaProjects\Travis_Stanford_software2_c195_project\lib\javafx-sdk-11.0.2\bin\ucrtbase.dll
0x00007fffe1950000 - 0x00007fffe1984000 	C:\WINDOWS\system32\rsaenh.dll
0x00007fffe2840000 - 0x00007fffe2867000 	C:\WINDOWS\System32\bcrypt.dll
0x00007fff65030000 - 0x00007fff667e8000 	C:\Users\weema\IdeaProjects\Travis_Stanford_software2_c195_project\lib\javafx-sdk-11.0.2\bin\prism_d3d.dll
0x00007fffd27c0000 - 0x00007fffd2805000 	C:\Users\weema\IdeaProjects\Travis_Stanford_software2_c195_project\lib\javafx-sdk-11.0.2\bin\glass.dll
0x00007fffe4840000 - 0x00007fffe491a000 	C:\WINDOWS\System32\COMDLG32.dll
0x00007fffe4be0000 - 0x00007fffe4d0a000 	C:\WINDOWS\System32\RPCRT4.dll
0x00007fffe4140000 - 0x00007fffe420d000 	C:\WINDOWS\WinSxS\amd64_microsoft.windows.common-controls_6595b64144ccf1df_6.0.19041.844_none_ca00b6081b84eb1d\COMCTL32.dll
0x00007fffe44b0000 - 0x00007fffe45c5000 	C:\WINDOWS\System32\PSAPI.DLL
0x00007fff8a7b0000 - 0x00007fff8aa6e000 	C:\WINDOWS\SYSTEM32\kernel.appcore.dll
0x00007fffe1580000 - 0x00007fffe15b3000 	C:\WINDOWS\System32\bcryptPrimitives.dll
0x00007fffe1150000 - 0x00007fffe1173000 	C:\Program Files\Java\jdk-11.0.1\bin\zip.dll
0x00007fffd8b20000 - 0x00007fffd8b5b000 	C:\WINDOWS\SYSTEM32\windows.storage.dll
0x00007fffe2ba0000 - 0x00007fffe2bee000 	C:\WINDOWS\System32\SHCORE.dll
0x00007fffe1d00000 - 0x00007fffe1dcc000 	C:\WINDOWS\SYSTEM32\profapi.dll
0x00007fffe1cc0000 - 0x00007fffe1cfb000 	C:\WINDOWS\system32\mswsock.dll
0x00007fffe45d0000 - 0x00007fffe45d8000 	C:\Users\weema\IdeaProjects\Travis_Stanford_software2_c195_project\lib\javafx-sdk-11.0.2\bin\api-ms-win-core-console-l1-1-0.dll
0x00007fffdb500000 - 0x00007fffdb50a000 	C:\Users\weema\IdeaProjects\Travis_Stanford_software2_c195_project\lib\javafx-sdk-11.0.2\bin\api-ms-win-core-debug-l1-1-0.dll
0x00007fffd84b0000 - 0x00007fffd852f000 	C:\WINDOWS\System32\fwpuclnt.dll
0x00007fffcd780000 - 0x00007fffcd7a7000 	C:\Users\weema\IdeaProjects\Travis_Stanford_software2_c195_project\lib\javafx-sdk-11.0.2\bin\api-ms-win-core-file-l1-2-0.dll
0x00007fffe2700000 - 0x00007fffe272e000 	C:\Users\weema\IdeaProjects\Travis_Stanford_software2_c195_project\lib\javafx-sdk-11.0.2\bin\api-ms-win-core-handle-l1-1-0.dll
0x00007fffdbea0000 - 0x00007fffdbeb7000 	C:\WINDOWS\SYSTEM32\dhcpcsvc6.DLL
0x00007fffdb7c0000 - 0x00007fffdb7dd000 	C:\Users\weema\IdeaProjects\Travis_Stanford_software2_c195_project\lib\javafx-sdk-11.0.2\bin\api-ms-win-core-memory-l1-1-0.dll
0x00007fffd6cd0000 - 0x00007fffd6cdd000 	C:\Program Files\Java\jdk-11.0.1\bin\sunmscapi.dll
0x00007fffe2320000 - 0x00007fffe2347000 	C:\Users\weema\IdeaProjects\Travis_Stanford_software2_c195_project\lib\javafx-sdk-11.0.2\bin\api-ms-win-core-processthreads-l1-1-0.dll
0x00007fffe22e0000 - 0x00007fffe231b000 	C:\Users\weema\IdeaProjects\Travis_Stanford_software2_c195_project\lib\javafx-sdk-11.0.2\bin\api-ms-win-core-profile-l1-1-0.dll
0x00007fffd3690000 - 0x00007fffd36a4000 	C:\Users\weema\IdeaProjects\Travis_Stanford_software2_c195_project\lib\javafx-sdk-11.0.2\bin\api-ms-win-core-string-l1-1-0.dll

dbghelp: loaded successfully - version: 4.0.5 - missing functions: none
symbol engine: initialized successfully - sym options: 0x614 - pdb path: .;C:\Program Files\Java\jdk-11.0.1\bin;C:\WINDOWS\SYSTEM32;C:\WINDOWS\WinSxS\amd64_microsoft.windows.common-controls_6595b64144ccf1df_6.0.19041.844_none_ca00b6081b84eb1d;C:\Program Files\Java\jdk-11.0.1\bin\server;C:\Users\weema\IdeaProjects\Travis_Stanford_software2_c195_project\lib\javafx-sdk-11.0.2\bin;C:\WINDOWS\System32\DriverStore\FileRepository\nv_dispi.inf_amd64_d71d3f5ea7618cbb;C:\Program Files\Common Files\Microsoft Shared\Ink

VM Arguments:
jvm_args: -agentlib:jdwp=transport=dt_socket,address=127.0.0.1:62130,suspend=y,server=n --module-path=lib/javafx-sdk-11.0.2/lib --add-modules=javafx.controls,javafx.fxml -javaagent:C:\Users\weema\AppData\Local\JetBrains\IntelliJIdea2021.1\captureAgent\debugger-agent.jar -Dfile.encoding=UTF-8 
java_command: Main.Main
java_class_path (initial): C:\Users\weema\IdeaProjects\Travis_Stanford_software2_c195_project\out\production\Travis_Stanford_software2_c195_project;C:\Users\weema\Desktop\javafx_sdk\javafx-sdk-11.0.2\lib\src.zip;C:\Users\weema\Desktop\javafx_sdk\javafx-sdk-11.0.2\lib\javafx-swt.jar;C:\Users\weema\Desktop\javafx_sdk\javafx-sdk-11.0.2\lib\javafx.web.jar;C:\Users\weema\Desktop\javafx_sdk\javafx-sdk-11.0.2\lib\javafx.base.jar;C:\Users\weema\Desktop\javafx_sdk\javafx-sdk-11.0.2\lib\javafx.fxml.jar;C:\Users\weema\Desktop\javafx_sdk\javafx-sdk-11.0.2\lib\javafx.media.jar;C:\Users\weema\Desktop\javafx_sdk\javafx-sdk-11.0.2\lib\javafx.swing.jar;C:\Users\weema\Desktop\javafx_sdk\javafx-sdk-11.0.2\lib\javafx.controls.jar;C:\Users\weema\Desktop\javafx_sdk\javafx-sdk-11.0.2\lib\javafx.graphics.jar;C:\Users\weema\IdeaProjects\Travis_Stanford_software2_c195_project\lib\mysql-connector-java-8.0.22.jar;C:\Users\weema\IdeaProjects\Travis_Stanford_software2_c195_project\lib\javafx-sdk-11.0.2\lib\src.zip;C:\Users\weema\IdeaProjects\Travis_Stanford_software2_c195_project\lib\javafx-sdk-11.0.2\lib\javafx-swt.jar;C:\Users\weema\IdeaProjects\Travis_Stanford_software2_c195_project\lib\javafx-sdk-11.0.2\lib\javafx.web.jar;C:\Users\weema\IdeaProjects\Travis_Stanford_software2_c195_project\lib\javafx-sdk-11.0.2\lib\javafx.base.jar;C:\Users\weema\IdeaProjects\Travis_Stanford_software2_c195_project\lib\javafx-sdk-11.0.2\lib\javafx.fxml.jar;C:\Users\weema\IdeaProjects\Travis_Stanford_software2_c195_project\lib\javafx-sdk-11.0.2\lib\javafx.media.jar;C:\Users\weema\IdeaProjects\Travis_Stanford_software2_c195_project\lib\javafx-sdk-11.0.2\lib\javafx.swing.jar;C:\Users\weema\IdeaProjects\Travis_Stanford_software2_c195_project\lib\javafx-sdk-11.0.2\lib\javafx.controls.jar;C:\Users\weema\IdeaProjects\Travis_Stanford_software2_c195_project\lib\javafx-sdk-11.0.2\lib\javafx.graphics.jar;S:\Program Files\JetBrains\IntelliJ IDEA 2020.3.1\lib\idea_rt.jar
Launcher Type: SUN_STANDARD

[Global flags]
     intx CICompilerCount                          = 4                                         {product} {ergonomic}
     uint ConcGCThreads                            = 2                                         {product} {ergonomic}
     uint G1ConcRefinementThreads                  = 8                                         {product} {ergonomic}
   size_t G1HeapRegionSize                         = 1048576                                   {product} {ergonomic}
    uintx GCDrainStackTargetSize                   = 64                                        {product} {ergonomic}
   size_t InitialHeapSize                          = 402653184                                 {product} {ergonomic}
   size_t MarkStackSize                            = 4194304                                   {product} {ergonomic}
   size_t MaxHeapSize                              = 6434062336                                {product} {ergonomic}
   size_t MaxNewSize                               = 3859808256                                {product} {ergonomic}
   size_t MinHeapDeltaBytes                        = 1048576                                   {product} {ergonomic}
    uintx NonNMethodCodeHeapSize                   = 5835340                                {pd product} {ergonomic}
    uintx NonProfiledCodeHeapSize                  = 122911450                              {pd product} {ergonomic}
    uintx ProfiledCodeHeapSize                     = 122911450                              {pd product} {ergonomic}
    uintx ReservedCodeCacheSize                    = 251658240                              {pd product} {ergonomic}
     bool SegmentedCodeCache                       = true                                      {product} {ergonomic}
     bool UseCompressedClassPointers               = true                                 {lp64_product} {ergonomic}
     bool UseCompressedOops                        = true                                 {lp64_product} {ergonomic}
     bool UseG1GC                                  = true                                      {product} {ergonomic}
     bool UseLargePagesIndividualAllocation        = false                                  {pd product} {ergonomic}

Logging:
Log output configuration:
 #0: stdout all=warning uptime,level,tags
 #1: stderr all=off uptime,level,tags

Environment Variables:
PATH=E:\Program Files (x86)\bin\;C:\Program Files (x86)\Razer Chroma SDK\bin;C:\Program Files\Razer Chroma SDK\bin;C:\WINDOWS\system32;C:\WINDOWS;C:\WINDOWS\System32\Wbem;C:\WINDOWS\System32\WindowsPowerShell\v1.0\;C:\Program Files (x86)\Common Files\Seagate\SnapAPI\;C:\Users\weema\AppData\Local\Microsoft\WindowsApps;C:\WINDOWS\System32\OpenSSH\;E:\Program Files (x86)\Windows Performance Toolkit\;E:\Program Files\nodejs\;C:\Program Files\Microsoft SQL Server\Client SDK\ODBC\130\Tools\Binn\;C:\Program Files (x86)\Microsoft SQL Server\140\Tools\Binn\;C:\Program Files\Microsoft SQL Server\140\Tools\Binn\;C:\Program Files\Microsoft SQL Server\140\DTS\Binn\;C:\Program Files (x86)\Microsoft SQL Server\150\DTS\Binn\;C:\Program Files\NVIDIA Corporation\NVIDIA NvDLISR;C:\Program Files (x86)\NVIDIA Corporation\PhysX\Common;C:\WINDOWS\system32;C:\WINDOWS;C:\WINDOWS\System32\Wbem;C:\WINDOWS\System32\WindowsPowerShell\v1.0\;C:\WINDOWS\System32\OpenSSH\;C:\Program Files\dotnet\;E:\Program Files\Git\cmd;S:\Program Files\Python\Scripts\;S:\Program Files\Python\;C:\Users\weema\AppData\Local\Microsoft\WindowsApps;C:\Program Files\Java\jdk-11.0.1\bin;c:\Users\weema\AppData\Roaming\npm;E:\Program Files\Microsoft VS Code\Microsoft VS Code\bin;C:\Users\weema\AppData\Local\GitHubDesktop\bin;C:\src\flutter_windows_v1.12.13+hotfix.5-stable\flutter\bin;E:\Program Files\Android\Android Studio;C:\Users\weema\AppData\Local\Microsoft\WindowsApps;C:\Users\weema\.dotnet\tools;S:\Program Files\JetBrains\IntelliJ IDEA 2020.3.1\bin;;C:\Program Files (x86)\Common Files\Acronis\TibMounter64
USERNAME=weema
OS=Windows_NT
PROCESSOR_IDENTIFIER=Intel64 Family 6 Model 158 Stepping 9, GenuineIntel



---------------  S Y S T E M  ---------------

OS: Windows 10 , 64 bit Build 19041 (10.0.19041.928)

CPU:total 8 (initial active 8) (4 cores per cpu, 2 threads per core) family 6 model 158 stepping 9, cmov, cx8, fxsr, mmx, sse, sse2, sse3, ssse3, sse4.1, sse4.2, popcnt, avx, avx2, aes, clmul, erms, rtm, 3dnowpref, lzcnt, ht, tsc, tscinvbit, bmi1, bmi2, adx, fma

Memory: 4k page, system-wide physical 24538M (9666M free)
TotalPageFile size 38874M (AvailPageFile size 5896M)
current process WorkingSet (physical memory assigned to process): 217M, peak: 225M
current process commit charge ("private bytes"): 643M, peak: 643M

vm_info: Java HotSpot(TM) 64-Bit Server VM (11.0.1+13-LTS) for windows-amd64 JRE (11.0.1+13-LTS), built on Oct  6 2018 13:20:16 by "mach5one" with MS VC++ 15.5 (VS2017)

END.
